This is pdfTeX, Version 3.14159265-2.6-1.40.17 (TeX Live 2016) (preloaded format=latex 2016.10.16)  17 APR 2017 21:35
entering extended mode
 restricted \write18 enabled.
 %&-line parsing enabled.
**tukethesis.tex
(./tukethesis.tex
LaTeX2e <2016/03/31>
Babel <3.9r> and hyphenation patterns for 83 language(s) loaded.
(./tukethesis.cls
Document Class: tukethesis 2012/04/22 v2.0 TUKE thesis class
Class tukethesis Info: Technical University of Kosice (official)
(tukethesis)           Bachelor's/Master's thesis document class.
\c@part=\count79
\c@section=\count80
\c@subsection=\count81
\c@subsubsection=\count82
\c@paragraph=\count83
\c@subparagraph=\count84
\c@figure=\count85
\c@table=\count86
\abovecaptionskip=\skip41
\belowcaptionskip=\skip42
\bibindent=\dimen102
) (/usr/local/texlive/2016/texmf-dist/tex/generic/babel/babel.sty
Package: babel 2016/04/23 3.9r The Babel package

(/usr/local/texlive/2016/texmf-dist/tex/generic/babel-slovak/slovak.ldf
Language: slovak 2008/07/06 v3.1a Slovak support from the babel system

(/usr/local/texlive/2016/texmf-dist/tex/generic/babel/babel.def
File: babel.def 2016/04/23 3.9r Babel common definitions
\babel@savecnt=\count87
\U@D=\dimen103
)
Package babel Info: Making ^ an active character on input line 123.
Package babel Info: Making " an active character on input line 126.
Package babel Info: Making ' an active character on input line 129.
\cs@wordlen=\count88
Package babel Info: Making - an active character on input line 294.
)
(/usr/local/texlive/2016/texmf-dist/tex/generic/babel-english/english.ldf
Language: english 2012/08/20 v3.3p English support from the babel system
\l@canadian = a dialect from \language\l@american 
\l@australian = a dialect from \language\l@british 
\l@newzealand = a dialect from \language\l@british 
))
(/usr/local/texlive/2016/texmf-dist/tex/latex/base/inputenc.sty
Package: inputenc 2015/03/17 v1.2c Input encoding file
\inpenc@prehook=\toks14
\inpenc@posthook=\toks15

(/usr/local/texlive/2016/texmf-dist/tex/latex/base/utf8.def
File: utf8.def 2016/02/28 v1.1s UTF-8 support for inputenc
Now handling font encoding OML ...
... no UTF-8 mapping file for font encoding OML
Now handling font encoding T1 ...
... processing UTF-8 mapping file for font encoding T1

(/usr/local/texlive/2016/texmf-dist/tex/latex/base/t1enc.dfu
File: t1enc.dfu 2016/02/28 v1.1s UTF-8 support for inputenc
   defining Unicode char U+00A0 (decimal 160)
   defining Unicode char U+00A1 (decimal 161)
   defining Unicode char U+00A3 (decimal 163)
   defining Unicode char U+00AB (decimal 171)
   defining Unicode char U+00AD (decimal 173)
   defining Unicode char U+00BB (decimal 187)
   defining Unicode char U+00BF (decimal 191)
   defining Unicode char U+00C0 (decimal 192)
   defining Unicode char U+00C1 (decimal 193)
   defining Unicode char U+00C2 (decimal 194)
   defining Unicode char U+00C3 (decimal 195)
   defining Unicode char U+00C4 (decimal 196)
   defining Unicode char U+00C5 (decimal 197)
   defining Unicode char U+00C6 (decimal 198)
   defining Unicode char U+00C7 (decimal 199)
   defining Unicode char U+00C8 (decimal 200)
   defining Unicode char U+00C9 (decimal 201)
   defining Unicode char U+00CA (decimal 202)
   defining Unicode char U+00CB (decimal 203)
   defining Unicode char U+00CC (decimal 204)
   defining Unicode char U+00CD (decimal 205)
   defining Unicode char U+00CE (decimal 206)
   defining Unicode char U+00CF (decimal 207)
   defining Unicode char U+00D0 (decimal 208)
   defining Unicode char U+00D1 (decimal 209)
   defining Unicode char U+00D2 (decimal 210)
   defining Unicode char U+00D3 (decimal 211)
   defining Unicode char U+00D4 (decimal 212)
   defining Unicode char U+00D5 (decimal 213)
   defining Unicode char U+00D6 (decimal 214)
   defining Unicode char U+00D8 (decimal 216)
   defining Unicode char U+00D9 (decimal 217)
   defining Unicode char U+00DA (decimal 218)
   defining Unicode char U+00DB (decimal 219)
   defining Unicode char U+00DC (decimal 220)
   defining Unicode char U+00DD (decimal 221)
   defining Unicode char U+00DE (decimal 222)
   defining Unicode char U+00DF (decimal 223)
   defining Unicode char U+00E0 (decimal 224)
   defining Unicode char U+00E1 (decimal 225)
   defining Unicode char U+00E2 (decimal 226)
   defining Unicode char U+00E3 (decimal 227)
   defining Unicode char U+00E4 (decimal 228)
   defining Unicode char U+00E5 (decimal 229)
   defining Unicode char U+00E6 (decimal 230)
   defining Unicode char U+00E7 (decimal 231)
   defining Unicode char U+00E8 (decimal 232)
   defining Unicode char U+00E9 (decimal 233)
   defining Unicode char U+00EA (decimal 234)
   defining Unicode char U+00EB (decimal 235)
   defining Unicode char U+00EC (decimal 236)
   defining Unicode char U+00ED (decimal 237)
   defining Unicode char U+00EE (decimal 238)
   defining Unicode char U+00EF (decimal 239)
   defining Unicode char U+00F0 (decimal 240)
   defining Unicode char U+00F1 (decimal 241)
   defining Unicode char U+00F2 (decimal 242)
   defining Unicode char U+00F3 (decimal 243)
   defining Unicode char U+00F4 (decimal 244)
   defining Unicode char U+00F5 (decimal 245)
   defining Unicode char U+00F6 (decimal 246)
   defining Unicode char U+00F8 (decimal 248)
   defining Unicode char U+00F9 (decimal 249)
   defining Unicode char U+00FA (decimal 250)
   defining Unicode char U+00FB (decimal 251)
   defining Unicode char U+00FC (decimal 252)
   defining Unicode char U+00FD (decimal 253)
   defining Unicode char U+00FE (decimal 254)
   defining Unicode char U+00FF (decimal 255)
   defining Unicode char U+0100 (decimal 256)
   defining Unicode char U+0101 (decimal 257)
   defining Unicode char U+0102 (decimal 258)
   defining Unicode char U+0103 (decimal 259)
   defining Unicode char U+0104 (decimal 260)
   defining Unicode char U+0105 (decimal 261)
   defining Unicode char U+0106 (decimal 262)
   defining Unicode char U+0107 (decimal 263)
   defining Unicode char U+0108 (decimal 264)
   defining Unicode char U+0109 (decimal 265)
   defining Unicode char U+010A (decimal 266)
   defining Unicode char U+010B (decimal 267)
   defining Unicode char U+010C (decimal 268)
   defining Unicode char U+010D (decimal 269)
   defining Unicode char U+010E (decimal 270)
   defining Unicode char U+010F (decimal 271)
   defining Unicode char U+0110 (decimal 272)
   defining Unicode char U+0111 (decimal 273)
   defining Unicode char U+0112 (decimal 274)
   defining Unicode char U+0113 (decimal 275)
   defining Unicode char U+0114 (decimal 276)
   defining Unicode char U+0115 (decimal 277)
   defining Unicode char U+0116 (decimal 278)
   defining Unicode char U+0117 (decimal 279)
   defining Unicode char U+0118 (decimal 280)
   defining Unicode char U+0119 (decimal 281)
   defining Unicode char U+011A (decimal 282)
   defining Unicode char U+011B (decimal 283)
   defining Unicode char U+011C (decimal 284)
   defining Unicode char U+011D (decimal 285)
   defining Unicode char U+011E (decimal 286)
   defining Unicode char U+011F (decimal 287)
   defining Unicode char U+0120 (decimal 288)
   defining Unicode char U+0121 (decimal 289)
   defining Unicode char U+0122 (decimal 290)
   defining Unicode char U+0123 (decimal 291)
   defining Unicode char U+0124 (decimal 292)
   defining Unicode char U+0125 (decimal 293)
   defining Unicode char U+0128 (decimal 296)
   defining Unicode char U+0129 (decimal 297)
   defining Unicode char U+012A (decimal 298)
   defining Unicode char U+012B (decimal 299)
   defining Unicode char U+012C (decimal 300)
   defining Unicode char U+012D (decimal 301)
   defining Unicode char U+012E (decimal 302)
   defining Unicode char U+012F (decimal 303)
   defining Unicode char U+0130 (decimal 304)
   defining Unicode char U+0131 (decimal 305)
   defining Unicode char U+0132 (decimal 306)
   defining Unicode char U+0133 (decimal 307)
   defining Unicode char U+0134 (decimal 308)
   defining Unicode char U+0135 (decimal 309)
   defining Unicode char U+0136 (decimal 310)
   defining Unicode char U+0137 (decimal 311)
   defining Unicode char U+0139 (decimal 313)
   defining Unicode char U+013A (decimal 314)
   defining Unicode char U+013B (decimal 315)
   defining Unicode char U+013C (decimal 316)
   defining Unicode char U+013D (decimal 317)
   defining Unicode char U+013E (decimal 318)
   defining Unicode char U+0141 (decimal 321)
   defining Unicode char U+0142 (decimal 322)
   defining Unicode char U+0143 (decimal 323)
   defining Unicode char U+0144 (decimal 324)
   defining Unicode char U+0145 (decimal 325)
   defining Unicode char U+0146 (decimal 326)
   defining Unicode char U+0147 (decimal 327)
   defining Unicode char U+0148 (decimal 328)
   defining Unicode char U+014A (decimal 330)
   defining Unicode char U+014B (decimal 331)
   defining Unicode char U+014C (decimal 332)
   defining Unicode char U+014D (decimal 333)
   defining Unicode char U+014E (decimal 334)
   defining Unicode char U+014F (decimal 335)
   defining Unicode char U+0150 (decimal 336)
   defining Unicode char U+0151 (decimal 337)
   defining Unicode char U+0152 (decimal 338)
   defining Unicode char U+0153 (decimal 339)
   defining Unicode char U+0154 (decimal 340)
   defining Unicode char U+0155 (decimal 341)
   defining Unicode char U+0156 (decimal 342)
   defining Unicode char U+0157 (decimal 343)
   defining Unicode char U+0158 (decimal 344)
   defining Unicode char U+0159 (decimal 345)
   defining Unicode char U+015A (decimal 346)
   defining Unicode char U+015B (decimal 347)
   defining Unicode char U+015C (decimal 348)
   defining Unicode char U+015D (decimal 349)
   defining Unicode char U+015E (decimal 350)
   defining Unicode char U+015F (decimal 351)
   defining Unicode char U+0160 (decimal 352)
   defining Unicode char U+0161 (decimal 353)
   defining Unicode char U+0162 (decimal 354)
   defining Unicode char U+0163 (decimal 355)
   defining Unicode char U+0164 (decimal 356)
   defining Unicode char U+0165 (decimal 357)
   defining Unicode char U+0168 (decimal 360)
   defining Unicode char U+0169 (decimal 361)
   defining Unicode char U+016A (decimal 362)
   defining Unicode char U+016B (decimal 363)
   defining Unicode char U+016C (decimal 364)
   defining Unicode char U+016D (decimal 365)
   defining Unicode char U+016E (decimal 366)
   defining Unicode char U+016F (decimal 367)
   defining Unicode char U+0170 (decimal 368)
   defining Unicode char U+0171 (decimal 369)
   defining Unicode char U+0172 (decimal 370)
   defining Unicode char U+0173 (decimal 371)
   defining Unicode char U+0174 (decimal 372)
   defining Unicode char U+0175 (decimal 373)
   defining Unicode char U+0176 (decimal 374)
   defining Unicode char U+0177 (decimal 375)
   defining Unicode char U+0178 (decimal 376)
   defining Unicode char U+0179 (decimal 377)
   defining Unicode char U+017A (decimal 378)
   defining Unicode char U+017B (decimal 379)
   defining Unicode char U+017C (decimal 380)
   defining Unicode char U+017D (decimal 381)
   defining Unicode char U+017E (decimal 382)
   defining Unicode char U+01CD (decimal 461)
   defining Unicode char U+01CE (decimal 462)
   defining Unicode char U+01CF (decimal 463)
   defining Unicode char U+01D0 (decimal 464)
   defining Unicode char U+01D1 (decimal 465)
   defining Unicode char U+01D2 (decimal 466)
   defining Unicode char U+01D3 (decimal 467)
   defining Unicode char U+01D4 (decimal 468)
   defining Unicode char U+01E2 (decimal 482)
   defining Unicode char U+01E3 (decimal 483)
   defining Unicode char U+01E6 (decimal 486)
   defining Unicode char U+01E7 (decimal 487)
   defining Unicode char U+01E8 (decimal 488)
   defining Unicode char U+01E9 (decimal 489)
   defining Unicode char U+01EA (decimal 490)
   defining Unicode char U+01EB (decimal 491)
   defining Unicode char U+01F0 (decimal 496)
   defining Unicode char U+01F4 (decimal 500)
   defining Unicode char U+01F5 (decimal 501)
   defining Unicode char U+0218 (decimal 536)
   defining Unicode char U+0219 (decimal 537)
   defining Unicode char U+021A (decimal 538)
   defining Unicode char U+021B (decimal 539)
   defining Unicode char U+1E02 (decimal 7682)
   defining Unicode char U+1E03 (decimal 7683)
   defining Unicode char U+200C (decimal 8204)
   defining Unicode char U+2010 (decimal 8208)
   defining Unicode char U+2011 (decimal 8209)
   defining Unicode char U+2012 (decimal 8210)
   defining Unicode char U+2013 (decimal 8211)
   defining Unicode char U+2014 (decimal 8212)
   defining Unicode char U+2015 (decimal 8213)
   defining Unicode char U+2018 (decimal 8216)
   defining Unicode char U+2019 (decimal 8217)
   defining Unicode char U+201A (decimal 8218)
   defining Unicode char U+201C (decimal 8220)
   defining Unicode char U+201D (decimal 8221)
   defining Unicode char U+201E (decimal 8222)
   defining Unicode char U+2030 (decimal 8240)
   defining Unicode char U+2031 (decimal 8241)
   defining Unicode char U+2039 (decimal 8249)
   defining Unicode char U+203A (decimal 8250)
   defining Unicode char U+2423 (decimal 9251)
)
Now handling font encoding OT1 ...
... processing UTF-8 mapping file for font encoding OT1

(/usr/local/texlive/2016/texmf-dist/tex/latex/base/ot1enc.dfu
File: ot1enc.dfu 2016/02/28 v1.1s UTF-8 support for inputenc
   defining Unicode char U+00A0 (decimal 160)
   defining Unicode char U+00A1 (decimal 161)
   defining Unicode char U+00A3 (decimal 163)
   defining Unicode char U+00AD (decimal 173)
   defining Unicode char U+00B8 (decimal 184)
   defining Unicode char U+00BF (decimal 191)
   defining Unicode char U+00C5 (decimal 197)
   defining Unicode char U+00C6 (decimal 198)
   defining Unicode char U+00D8 (decimal 216)
   defining Unicode char U+00DF (decimal 223)
   defining Unicode char U+00E6 (decimal 230)
   defining Unicode char U+00EC (decimal 236)
   defining Unicode char U+00ED (decimal 237)
   defining Unicode char U+00EE (decimal 238)
   defining Unicode char U+00EF (decimal 239)
   defining Unicode char U+00F8 (decimal 248)
   defining Unicode char U+0131 (decimal 305)
   defining Unicode char U+0141 (decimal 321)
   defining Unicode char U+0142 (decimal 322)
   defining Unicode char U+0152 (decimal 338)
   defining Unicode char U+0153 (decimal 339)
   defining Unicode char U+0174 (decimal 372)
   defining Unicode char U+0175 (decimal 373)
   defining Unicode char U+0176 (decimal 374)
   defining Unicode char U+0177 (decimal 375)
   defining Unicode char U+0218 (decimal 536)
   defining Unicode char U+0219 (decimal 537)
   defining Unicode char U+021A (decimal 538)
   defining Unicode char U+021B (decimal 539)
   defining Unicode char U+2013 (decimal 8211)
   defining Unicode char U+2014 (decimal 8212)
   defining Unicode char U+2018 (decimal 8216)
   defining Unicode char U+2019 (decimal 8217)
   defining Unicode char U+201C (decimal 8220)
   defining Unicode char U+201D (decimal 8221)
)
Now handling font encoding OMS ...
... processing UTF-8 mapping file for font encoding OMS

(/usr/local/texlive/2016/texmf-dist/tex/latex/base/omsenc.dfu
File: omsenc.dfu 2016/02/28 v1.1s UTF-8 support for inputenc
   defining Unicode char U+00A7 (decimal 167)
   defining Unicode char U+00B6 (decimal 182)
   defining Unicode char U+00B7 (decimal 183)
   defining Unicode char U+2020 (decimal 8224)
   defining Unicode char U+2021 (decimal 8225)
   defining Unicode char U+2022 (decimal 8226)
)
Now handling font encoding OMX ...
... no UTF-8 mapping file for font encoding OMX
Now handling font encoding U ...
... no UTF-8 mapping file for font encoding U
   defining Unicode char U+00A9 (decimal 169)
   defining Unicode char U+00AA (decimal 170)
   defining Unicode char U+00AE (decimal 174)
   defining Unicode char U+00BA (decimal 186)
   defining Unicode char U+02C6 (decimal 710)
   defining Unicode char U+02DC (decimal 732)
   defining Unicode char U+200C (decimal 8204)
   defining Unicode char U+2026 (decimal 8230)
   defining Unicode char U+2122 (decimal 8482)
   defining Unicode char U+2423 (decimal 9251)
))
(/usr/local/texlive/2016/texmf-dist/tex/latex/base/fontenc.sty
Package: fontenc 2005/09/27 v1.99g Standard LaTeX package

(/usr/local/texlive/2016/texmf-dist/tex/latex/base/t1enc.def
File: t1enc.def 2005/09/27 v1.99g Standard LaTeX file
LaTeX Font Info:    Redeclaring font encoding T1 on input line 48.
))
(/usr/local/texlive/2016/texmf-dist/tex/latex/cmap/cmap.sty
Package: cmap 2008/03/06 v1.0h CMap support: searchable PDF


Package cmap Warning: pdftex in DVI mode - exiting.

) (/usr/local/texlive/2016/texmf-dist/tex/latex/lm/lmodern.sty
Package: lmodern 2009/10/30 v1.6 Latin Modern Fonts
LaTeX Font Info:    Overwriting symbol font `operators' in version `normal'
(Font)                  OT1/cmr/m/n --> OT1/lmr/m/n on input line 22.
LaTeX Font Info:    Overwriting symbol font `letters' in version `normal'
(Font)                  OML/cmm/m/it --> OML/lmm/m/it on input line 23.
LaTeX Font Info:    Overwriting symbol font `symbols' in version `normal'
(Font)                  OMS/cmsy/m/n --> OMS/lmsy/m/n on input line 24.
LaTeX Font Info:    Overwriting symbol font `largesymbols' in version `normal'
(Font)                  OMX/cmex/m/n --> OMX/lmex/m/n on input line 25.
LaTeX Font Info:    Overwriting symbol font `operators' in version `bold'
(Font)                  OT1/cmr/bx/n --> OT1/lmr/bx/n on input line 26.
LaTeX Font Info:    Overwriting symbol font `letters' in version `bold'
(Font)                  OML/cmm/b/it --> OML/lmm/b/it on input line 27.
LaTeX Font Info:    Overwriting symbol font `symbols' in version `bold'
(Font)                  OMS/cmsy/b/n --> OMS/lmsy/b/n on input line 28.
LaTeX Font Info:    Overwriting symbol font `largesymbols' in version `bold'
(Font)                  OMX/cmex/m/n --> OMX/lmex/m/n on input line 29.
LaTeX Font Info:    Overwriting math alphabet `\mathbf' in version `normal'
(Font)                  OT1/cmr/bx/n --> OT1/lmr/bx/n on input line 31.
LaTeX Font Info:    Overwriting math alphabet `\mathsf' in version `normal'
(Font)                  OT1/cmss/m/n --> OT1/lmss/m/n on input line 32.
LaTeX Font Info:    Overwriting math alphabet `\mathit' in version `normal'
(Font)                  OT1/cmr/m/it --> OT1/lmr/m/it on input line 33.
LaTeX Font Info:    Overwriting math alphabet `\mathtt' in version `normal'
(Font)                  OT1/cmtt/m/n --> OT1/lmtt/m/n on input line 34.
LaTeX Font Info:    Overwriting math alphabet `\mathbf' in version `bold'
(Font)                  OT1/cmr/bx/n --> OT1/lmr/bx/n on input line 35.
LaTeX Font Info:    Overwriting math alphabet `\mathsf' in version `bold'
(Font)                  OT1/cmss/bx/n --> OT1/lmss/bx/n on input line 36.
LaTeX Font Info:    Overwriting math alphabet `\mathit' in version `bold'
(Font)                  OT1/cmr/bx/it --> OT1/lmr/bx/it on input line 37.
LaTeX Font Info:    Overwriting math alphabet `\mathtt' in version `bold'
(Font)                  OT1/cmtt/m/n --> OT1/lmtt/m/n on input line 38.
)
(/usr/local/texlive/2016/texmf-dist/tex/generic/dirtree/dirtree.sty
Package: dirtree 2012/12/11 v0.32 package wrapper for dirtree

(/usr/local/texlive/2016/texmf-dist/tex/generic/dirtree/dirtree.tex
`dirtree' v0.32, 2012/12/11 (jcc)
\DT@offset=\dimen104
\DT@width=\dimen105
\DT@sep=\dimen106
\DT@all=\dimen107
\DT@rulewidth=\dimen108
\DT@dotwidth=\dimen109
\DTbaselineskip=\dimen110
\DT@counti=\count89
\DT@countii=\count90
\DT@countiii=\count91
\DT@countiv=\count92
\DT@indent=\dimen111
\DT@parskip=\dimen112
\DT@baselineskip=\dimen113
)
File: dirtree.tex 2012/12/11 v0.32 `dirtree' (jcc)
)
(/usr/local/texlive/2016/texmf-dist/tex/latex/listings/listings.sty
(/usr/local/texlive/2016/texmf-dist/tex/latex/graphics/keyval.sty
Package: keyval 2014/10/28 v1.15 key=value parser (DPC)
\KV@toks@=\toks16
)
\lst@mode=\count93
\lst@gtempboxa=\box26
\lst@token=\toks17
\lst@length=\count94
\lst@currlwidth=\dimen114
\lst@column=\count95
\lst@pos=\count96
\lst@lostspace=\dimen115
\lst@width=\dimen116
\lst@newlines=\count97
\lst@lineno=\count98
\lst@maxwidth=\dimen117

(/usr/local/texlive/2016/texmf-dist/tex/latex/listings/lstmisc.sty
File: lstmisc.sty 2015/06/04 1.6 (Carsten Heinz)
\c@lstnumber=\count99
\lst@skipnumbers=\count100
\lst@framebox=\box27
)
(/usr/local/texlive/2016/texmf-dist/tex/latex/listings/listings.cfg
File: listings.cfg 2015/06/04 1.6 listings configuration
))
Package: listings 2015/06/04 1.6 (Carsten Heinz)

(/usr/local/texlive/2016/texmf-dist/tex/latex/xcolor/xcolor.sty
Package: xcolor 2016/05/11 v2.12 LaTeX color extensions (UK)

(/usr/local/texlive/2016/texmf-dist/tex/latex/graphics-cfg/color.cfg
File: color.cfg 2016/01/02 v1.6 sample color configuration
)
Package xcolor Info: Driver file: dvips.def on input line 225.

(/usr/local/texlive/2016/texmf-dist/tex/latex/graphics/dvips.def
File: dvips.def 2015/12/30 v3.0k Driver-dependent file (DPC,SPQR)
)
Package xcolor Info: Model `cmy' substituted by `cmy0' on input line 1348.
Package xcolor Info: Model `RGB' extended on input line 1364.
Package xcolor Info: Model `HTML' substituted by `rgb' on input line 1366.
Package xcolor Info: Model `Hsb' substituted by `hsb' on input line 1367.
Package xcolor Info: Model `tHsb' substituted by `hsb' on input line 1368.
Package xcolor Info: Model `HSB' substituted by `hsb' on input line 1369.
Package xcolor Info: Model `Gray' substituted by `gray' on input line 1370.
Package xcolor Info: Model `wave' substituted by `hsb' on input line 1371.
)
(/usr/local/texlive/2016/texmf-dist/tex/latex/base/latexsym.sty
Package: latexsym 1998/08/17 v2.2e Standard LaTeX package (lasy symbols)
\symlasy=\mathgroup4
LaTeX Font Info:    Overwriting symbol font `lasy' in version `bold'
(Font)                  U/lasy/m/n --> U/lasy/b/n on input line 52.
)
(/usr/local/texlive/2016/texmf-dist/tex/latex/tools/dcolumn.sty
Package: dcolumn 2014/10/28 v1.06 decimal alignment package (DPC)

(/usr/local/texlive/2016/texmf-dist/tex/latex/tools/array.sty
Package: array 2014/10/28 v2.4c Tabular extension package (FMi)
\col@sep=\dimen118
\extrarowheight=\dimen119
\NC@list=\toks18
\extratabsurround=\skip43
\backup@length=\skip44
))
(/usr/local/texlive/2016/texmf-dist/tex/latex/tools/hhline.sty
Package: hhline 2014/10/28 v2.03 Table rule package (DPC)
)
(/usr/local/texlive/2016/texmf-dist/tex/latex/amsmath/amsmath.sty
Package: amsmath 2016/03/10 v2.15b AMS math features
\@mathmargin=\skip45

For additional information on amsmath, use the `?' option.
(/usr/local/texlive/2016/texmf-dist/tex/latex/amsmath/amstext.sty
Package: amstext 2000/06/29 v2.01 AMS text

(/usr/local/texlive/2016/texmf-dist/tex/latex/amsmath/amsgen.sty
File: amsgen.sty 1999/11/30 v2.0 generic functions
\@emptytoks=\toks19
\ex@=\dimen120
))
(/usr/local/texlive/2016/texmf-dist/tex/latex/amsmath/amsbsy.sty
Package: amsbsy 1999/11/29 v1.2d Bold Symbols
\pmbraise@=\dimen121
)
(/usr/local/texlive/2016/texmf-dist/tex/latex/amsmath/amsopn.sty
Package: amsopn 2016/03/08 v2.02 operator names
)
\inf@bad=\count101
LaTeX Info: Redefining \frac on input line 199.
\uproot@=\count102
\leftroot@=\count103
LaTeX Info: Redefining \overline on input line 297.
\classnum@=\count104
\DOTSCASE@=\count105
LaTeX Info: Redefining \ldots on input line 394.
LaTeX Info: Redefining \dots on input line 397.
LaTeX Info: Redefining \cdots on input line 518.
\Mathstrutbox@=\box28
\strutbox@=\box29
\big@size=\dimen122
LaTeX Font Info:    Redeclaring font encoding OML on input line 634.
LaTeX Font Info:    Redeclaring font encoding OMS on input line 635.
\macc@depth=\count106
\c@MaxMatrixCols=\count107
\dotsspace@=\muskip10
\c@parentequation=\count108
\dspbrk@lvl=\count109
\tag@help=\toks20
\row@=\count110
\column@=\count111
\maxfields@=\count112
\andhelp@=\toks21
\eqnshift@=\dimen123
\alignsep@=\dimen124
\tagshift@=\dimen125
\tagwidth@=\dimen126
\totwidth@=\dimen127
\lineht@=\dimen128
\@envbody=\toks22
\multlinegap=\skip46
\multlinetaggap=\skip47
\mathdisplay@stack=\toks23
LaTeX Info: Redefining \[ on input line 2739.
LaTeX Info: Redefining \] on input line 2740.
)
(./nicefrac.sty
Package: nicefrac 1998/08/04 v0.9b Nice fractions
\L@UnitsRaiseDisplaystyle=\skip48
\L@UnitsRaiseTextstyle=\skip49
\L@UnitsRaiseScriptstyle=\skip50
 (/usr/local/texlive/2016/texmf-dist/tex/latex/base/ifthen.sty
Package: ifthen 2014/09/29 v1.1c Standard LaTeX ifthen package (DPC)
)) (/usr/local/texlive/2016/texmf-dist/tex/latex/was/upgreek.sty
Package: upgreek 2003/02/12 v2.0 (WaS)
Package upgreek Info: Using Euler Roman for upright Greek on input line 31.
\symugrf@m=\mathgroup5
LaTeX Font Info:    Overwriting symbol font `ugrf@m' in version `bold'
(Font)                  U/eur/m/n --> U/eur/b/n on input line 38.
)
(/usr/local/texlive/2016/texmf-dist/tex/latex/tools/showkeys.sty
Package: showkeys 2014/10/28 v3.17 Show cite and label keys (DPC, MH)
)
(./nomencl.sty
Package: nomencl 2000/12/03 v3.1a Nomenclature package (BS)
\nomlabelwidth=\dimen129
\nom@tempdim=\dimen130
\nomitemsep=\skip51
)
\@glossaryfile=\write3
\openout3 = `tukethesis.glo'.


Writing glossary file tukethesis.glo
(/usr/local/texlive/2016/texmf-dist/tex/latex/parskip/parskip.sty
Package: parskip 2001/04/09 non-zero parskip adjustments
)
(/usr/local/texlive/2016/texmf-dist/tex/latex/graphics/graphicx.sty
Package: graphicx 2014/10/28 v1.0g Enhanced LaTeX Graphics (DPC,SPQR)

(/usr/local/texlive/2016/texmf-dist/tex/latex/graphics/graphics.sty
Package: graphics 2016/05/09 v1.0r Standard LaTeX Graphics (DPC,SPQR)

(/usr/local/texlive/2016/texmf-dist/tex/latex/graphics/trig.sty
Package: trig 2016/01/03 v1.10 sin cos tan (DPC)
)
(/usr/local/texlive/2016/texmf-dist/tex/latex/graphics-cfg/graphics.cfg
File: graphics.cfg 2016/01/02 v1.10 sample graphics configuration
)
Package graphics Info: Driver file: pdftex.def on input line 96.

(/usr/local/texlive/2016/texmf-dist/tex/latex/pdftex-def/pdftex.def
File: pdftex.def 2011/05/27 v0.06d Graphics/color for pdfTeX

(/usr/local/texlive/2016/texmf-dist/tex/generic/oberdiek/infwarerr.sty
Package: infwarerr 2016/05/16 v1.4 Providing info/warning/error messages (HO)
)
(/usr/local/texlive/2016/texmf-dist/tex/generic/oberdiek/ltxcmds.sty
Package: ltxcmds 2016/05/16 v1.23 LaTeX kernel commands for general use (HO)
)

! Package pdftex.def Error: PDF mode expected, but DVI mode detected!
(pdftex.def)                If you are using `latex', then call `pdflatex'.
(pdftex.def)                Otherwise check and correct the driver options.
(pdftex.def)                Error recovery by switching to PDF mode.

See the pdftex.def package documentation for explanation.
Type  H <return>  for immediate help.
 ...                                              
                                                  
l.433   }\@ehc
              
Try typing  <return>  to proceed.
If that doesn't work, type  X <return>  to quit.

\Gread@gobject=\count113
))
\Gin@req@height=\dimen131
\Gin@req@width=\dimen132
) (./natbib.sty
Package: natbib 1999/05/28 7.0 (PWD)
\bibhang=\skip52
\bibsep=\skip53
LaTeX Info: Redefining \cite on input line 508.
\c@NAT@ctr=\count114
)
(/usr/local/texlive/2016/texmf-dist/tex/latex/hyperref/hyperref.sty
Package: hyperref 2016/05/05 v6.83n Hypertext links for LaTeX

(/usr/local/texlive/2016/texmf-dist/tex/generic/oberdiek/hobsub-hyperref.sty
Package: hobsub-hyperref 2016/05/16 v1.14 Bundle oberdiek, subset hyperref (HO)


(/usr/local/texlive/2016/texmf-dist/tex/generic/oberdiek/hobsub-generic.sty
Package: hobsub-generic 2016/05/16 v1.14 Bundle oberdiek, subset generic (HO)
Package: hobsub 2016/05/16 v1.14 Construct package bundles (HO)
Package hobsub Info: Skipping package `infwarerr' (already loaded).
Package hobsub Info: Skipping package `ltxcmds' (already loaded).
Package: ifluatex 2016/05/16 v1.4 Provides the ifluatex switch (HO)
Package ifluatex Info: LuaTeX not detected.
Package: ifvtex 2016/05/16 v1.6 Detect VTeX and its facilities (HO)
Package ifvtex Info: VTeX not detected.
Package: intcalc 2016/05/16 v1.2 Expandable calculations with integers (HO)
Package: ifpdf 2016/05/14 v3.1 Provides the ifpdf switch
Package: etexcmds 2016/05/16 v1.6 Avoid name clashes with e-TeX commands (HO)
Package etexcmds Info: Could not find \expanded.
(etexcmds)             That can mean that you are not using pdfTeX 1.50 or
(etexcmds)             that some package has redefined \expanded.
(etexcmds)             In the latter case, load this package earlier.
Package: kvsetkeys 2016/05/16 v1.17 Key value parser (HO)
Package: kvdefinekeys 2016/05/16 v1.4 Define keys (HO)
Package: pdftexcmds 2016/05/10 v0.21 Utility functions of pdfTeX for LuaTeX (HO
)
Package pdftexcmds Info: LuaTeX not detected.
Package pdftexcmds Info: \pdf@primitive is available.
Package pdftexcmds Info: \pdf@ifprimitive is available.
Package pdftexcmds Info: \pdfdraftmode found.
Package: pdfescape 2016/05/16 v1.14 Implements pdfTeX's escape features (HO)
Package: bigintcalc 2016/05/16 v1.4 Expandable calculations on big integers (HO
)
Package: bitset 2016/05/16 v1.2 Handle bit-vector datatype (HO)
Package: uniquecounter 2016/05/16 v1.3 Provide unlimited unique counter (HO)
)
Package hobsub Info: Skipping package `hobsub' (already loaded).
Package: letltxmacro 2016/05/16 v1.5 Let assignment for LaTeX macros (HO)
Package: hopatch 2016/05/16 v1.3 Wrapper for package hooks (HO)
Package: xcolor-patch 2016/05/16 xcolor patch
Package: atveryend 2016/05/16 v1.9 Hooks at the very end of document (HO)
Package atveryend Info: \enddocument detected (standard20110627).
Package: atbegshi 2016/05/16 v1.17 At begin shipout hook (HO)
Package: refcount 2016/05/16 v3.5 Data extraction from label references (HO)
Package: hycolor 2016/05/16 v1.8 Color options for hyperref/bookmark (HO)
)
(/usr/local/texlive/2016/texmf-dist/tex/generic/ifxetex/ifxetex.sty
Package: ifxetex 2010/09/12 v0.6 Provides ifxetex conditional
)
(/usr/local/texlive/2016/texmf-dist/tex/latex/oberdiek/auxhook.sty
Package: auxhook 2016/05/16 v1.4 Hooks for auxiliary files (HO)
)
(/usr/local/texlive/2016/texmf-dist/tex/latex/oberdiek/kvoptions.sty
Package: kvoptions 2016/05/16 v3.12 Key value format for package options (HO)
)
\@linkdim=\dimen133
\Hy@linkcounter=\count115
\Hy@pagecounter=\count116

(/usr/local/texlive/2016/texmf-dist/tex/latex/hyperref/pd1enc.def
File: pd1enc.def 2016/05/05 v6.83n Hyperref: PDFDocEncoding definition (HO)
Now handling font encoding PD1 ...
... no UTF-8 mapping file for font encoding PD1
)
\Hy@SavedSpaceFactor=\count117

(/usr/local/texlive/2016/texmf-dist/tex/latex/latexconfig/hyperref.cfg
File: hyperref.cfg 2002/06/06 v1.2 hyperref configuration of TeXLive
)
Package hyperref Info: Option `unicode' set `true' on input line 4322.

(/usr/local/texlive/2016/texmf-dist/tex/latex/hyperref/puenc.def
File: puenc.def 2016/05/05 v6.83n Hyperref: PDF Unicode definition (HO)
Now handling font encoding PU ...
... no UTF-8 mapping file for font encoding PU
)
Package hyperref Info: Option `bookmarksnumbered' set `true' on input line 4322
.
Package hyperref Info: Option `bookmarksopen' set `true' on input line 4322.
Package hyperref Info: Option `pdfmenubar' set `true' on input line 4322.
Package hyperref Info: Option `linktocpage' set `true' on input line 4322.
Package hyperref Info: Option `pageanchor' set `true' on input line 4322.
Package hyperref Info: Hyper figures OFF on input line 4446.
Package hyperref Info: Link nesting OFF on input line 4451.
Package hyperref Info: Hyper index ON on input line 4454.
Package hyperref Info: Plain pages OFF on input line 4461.
Package hyperref Info: Backreferencing OFF on input line 4466.
Package hyperref Info: Implicit mode ON; LaTeX internals redefined.
Package hyperref Info: Bookmarks ON on input line 4691.
\c@Hy@tempcnt=\count118

(/usr/local/texlive/2016/texmf-dist/tex/latex/url/url.sty
\Urlmuskip=\muskip11
Package: url 2013/09/16  ver 3.4  Verb mode for urls, etc.
)
LaTeX Info: Redefining \url on input line 5044.
\XeTeXLinkMargin=\dimen134
\Fld@menulength=\count119
\Field@Width=\dimen135
\Fld@charsize=\dimen136
Package hyperref Info: Hyper figures OFF on input line 6298.
Package hyperref Info: Link nesting OFF on input line 6303.
Package hyperref Info: Hyper index ON on input line 6306.
Package hyperref Info: backreferencing OFF on input line 6313.
Package hyperref Info: Link coloring OFF on input line 6318.
Package hyperref Info: Link coloring with OCG OFF on input line 6323.
Package hyperref Info: PDF/A mode OFF on input line 6328.
LaTeX Info: Redefining \ref on input line 6368.
LaTeX Info: Redefining \pageref on input line 6372.
\Hy@abspage=\count120
\c@Item=\count121
\c@Hfootnote=\count122
)

Package hyperref Message: Driver: hpdftex.

(/usr/local/texlive/2016/texmf-dist/tex/latex/hyperref/hpdftex.def
File: hpdftex.def 2016/05/05 v6.83n Hyperref driver for pdfTeX
\Fld@listcount=\count123
\c@bookmark@seq@number=\count124

(/usr/local/texlive/2016/texmf-dist/tex/latex/oberdiek/rerunfilecheck.sty
Package: rerunfilecheck 2016/05/16 v1.8 Rerun checks for auxiliary files (HO)
Package uniquecounter Info: New unique counter `rerunfilecheck' on input line 2
82.
)
\Hy@SectionHShift=\skip54
)
(./tukethesis.aux (./introduction.aux) (./problemexpression.aux)
(./theoreticalanalysis.aux) (./currentstate.aux) (./design.aux)
(./implementation.aux) (./conclusion.aux) (./bibliography.aux)
(./appendices.aux) (./appendixa.aux) (./appendixb.aux))
\openout1 = `tukethesis.aux'.

LaTeX Font Info:    Checking defaults for OML/cmm/m/it on input line 254.
LaTeX Font Info:    ... okay on input line 254.
LaTeX Font Info:    Checking defaults for T1/cmr/m/n on input line 254.
LaTeX Font Info:    ... okay on input line 254.
LaTeX Font Info:    Checking defaults for OT1/cmr/m/n on input line 254.
LaTeX Font Info:    ... okay on input line 254.
LaTeX Font Info:    Checking defaults for OMS/cmsy/m/n on input line 254.
LaTeX Font Info:    ... okay on input line 254.
LaTeX Font Info:    Checking defaults for OMX/cmex/m/n on input line 254.
LaTeX Font Info:    ... okay on input line 254.
LaTeX Font Info:    Checking defaults for U/cmr/m/n on input line 254.
LaTeX Font Info:    ... okay on input line 254.
LaTeX Font Info:    Checking defaults for PD1/pdf/m/n on input line 254.
LaTeX Font Info:    ... okay on input line 254.
LaTeX Font Info:    Checking defaults for PU/pdf/m/n on input line 254.
LaTeX Font Info:    ... okay on input line 254.
LaTeX Font Info:    Try loading font information for T1+lmr on input line 254.

(/usr/local/texlive/2016/texmf-dist/tex/latex/lm/t1lmr.fd
File: t1lmr.fd 2009/10/30 v1.6 Font defs for Latin Modern
)
\c@lstlisting=\count125

(/usr/local/texlive/2016/texmf-dist/tex/context/base/mkii/supp-pdf.mkii
[Loading MPS to PDF converter (version 2006.09.02).]
\scratchcounter=\count126
\scratchdimen=\dimen137
\scratchbox=\box30
\nofMPsegments=\count127
\nofMParguments=\count128
\everyMPshowfont=\toks24
\MPscratchCnt=\count129
\MPscratchDim=\dimen138
\MPnumerator=\count130
\makeMPintoPDFobject=\count131
\everyMPtoPDFconversion=\toks25
)
\AtBeginShipoutBox=\box31
Package hyperref Info: Link coloring OFF on input line 254.
 (/usr/local/texlive/2016/texmf-dist/tex/latex/hyperref/nameref.sty
Package: nameref 2012/10/27 v2.43 Cross-referencing by name of section

(/usr/local/texlive/2016/texmf-dist/tex/generic/oberdiek/gettitlestring.sty
Package: gettitlestring 2016/05/16 v1.5 Cleanup title references (HO)
)
\c@section@level=\count132
)
LaTeX Info: Redefining \ref on input line 254.
LaTeX Info: Redefining \pageref on input line 254.
LaTeX Info: Redefining \nameref on input line 254.

(./tukethesis.out) (./tukethesis.out)
\@outlinefile=\write4
\openout4 = `tukethesis.out'.



LaTeX Warning:  No \bachelorthesis given.

[1


Non-PDF special ignored!{/usr/local/texlive/2016/texmf-var/fonts/map/pdftex/upd
map/pdftex.map}]
Underfull \hbox (badness 10000) in paragraph at lines 262--262

 []


LaTeX Warning:  No \bachelorthesis given.

LaTeX Font Info:    Try loading font information for OT1+lmr on input line 262.

(/usr/local/texlive/2016/texmf-dist/tex/latex/lm/ot1lmr.fd
File: ot1lmr.fd 2009/10/30 v1.6 Font defs for Latin Modern
)
LaTeX Font Info:    Try loading font information for OML+lmm on input line 262.


(/usr/local/texlive/2016/texmf-dist/tex/latex/lm/omllmm.fd
File: omllmm.fd 2009/10/30 v1.6 Font defs for Latin Modern
)
LaTeX Font Info:    Try loading font information for OMS+lmsy on input line 262
.

(/usr/local/texlive/2016/texmf-dist/tex/latex/lm/omslmsy.fd
File: omslmsy.fd 2009/10/30 v1.6 Font defs for Latin Modern
)
LaTeX Font Info:    Try loading font information for OMX+lmex on input line 262
.

(/usr/local/texlive/2016/texmf-dist/tex/latex/lm/omxlmex.fd
File: omxlmex.fd 2009/10/30 v1.6 Font defs for Latin Modern
)
LaTeX Font Info:    External font `lmex10' loaded for size
(Font)              <12> on input line 262.
LaTeX Font Info:    External font `lmex10' loaded for size
(Font)              <8> on input line 262.
LaTeX Font Info:    External font `lmex10' loaded for size
(Font)              <6> on input line 262.
LaTeX Font Info:    Try loading font information for U+lasy on input line 262.

(/usr/local/texlive/2016/texmf-dist/tex/latex/base/ulasy.fd
File: ulasy.fd 1998/08/17 v2.2e LaTeX symbol font definitions
)

LaTeX Warning: No \consultantb given.

[2] [3] [4] [5] [6] [7] (./tukethesis.toc [8]
LaTeX Font Info:    Try loading font information for T1+lmss on input line 56.

(/usr/local/texlive/2016/texmf-dist/tex/latex/lm/t1lmss.fd
File: t1lmss.fd 2009/10/30 v1.6 Font defs for Latin Modern
) [9])
\tf@toc=\write5
\openout5 = `tukethesis.toc'.

 [10] [11]
(./tukethesis.lof)
\tf@lof=\write6
\openout6 = `tukethesis.lof'.

 [12] [13] (./tukethesis.lol
LaTeX Font Info:    Try loading font information for T1+lmtt on input line 6.

(/usr/local/texlive/2016/texmf-dist/tex/latex/lm/t1lmtt.fd
File: t1lmtt.fd 2009/10/30 v1.6 Font defs for Latin Modern
)
! Missing $ inserted.
<inserted text> 
                $
l.11 ...E_TEXT} is dispatched.}{42}{lstlisting.11}
                                                  
I've inserted a begin-math/end-math symbol since I think
you left one out. Proceed, with fingers crossed.

! Extra }, or forgotten $.
<recently read> \egroup 
                        
l.11 ...E_TEXT} is dispatched.}{42}{lstlisting.11}
                                                  
I've deleted a group-closing symbol because it seems to be
spurious, as in `$x}$'. But perhaps the } is legitimate and
you forgot something else, as in `\hbox{$x}'. In such cases
the way to recover is to insert both the forgotten and the
deleted material, e.g., by typing `I$}'.

! Extra }, or forgotten $.
<argument> ...LCULATOR_WRITE_TEXT} is dispatched.}
                                                  
l.11 ...E_TEXT} is dispatched.}{42}{lstlisting.11}
                                                  
I've deleted a group-closing symbol because it seems to be
spurious, as in `$x}$'. But perhaps the } is legitimate and
you forgot something else, as in `\hbox{$x}'. In such cases
the way to recover is to insert both the forgotten and the
deleted material, e.g., by typing `I$}'.

! Extra }, or forgotten $.
\@dottedtocline ...\nobreak \hskip -\leftskip {#4}
                                                  \nobreak \leaders \hbox {$...
l.11 ...E_TEXT} is dispatched.}{42}{lstlisting.11}
                                                  
I've deleted a group-closing symbol because it seems to be
spurious, as in `$x}$'. But perhaps the } is legitimate and
you forgot something else, as in `\hbox{$x}'. In such cases
the way to recover is to insert both the forgotten and the
deleted material, e.g., by typing `I$}'.

! Missing $ inserted.
<inserted text> 
                $
l.11 ...E_TEXT} is dispatched.}{42}{lstlisting.11}
                                                  
I've inserted a begin-math/end-math symbol since I think
you left one out. Proceed, with fingers crossed.

! Missing $ inserted.
<inserted text> 
                $
l.12 ...KSPACE} is dispatched.}{42}{lstlisting.12}
                                                  
I've inserted a begin-math/end-math symbol since I think
you left one out. Proceed, with fingers crossed.

! Extra }, or forgotten $.
<recently read> \egroup 
                        
l.12 ...KSPACE} is dispatched.}{42}{lstlisting.12}
                                                  
I've deleted a group-closing symbol because it seems to be
spurious, as in `$x}$'. But perhaps the } is legitimate and
you forgot something else, as in `\hbox{$x}'. In such cases
the way to recover is to insert both the forgotten and the
deleted material, e.g., by typing `I$}'.

! Extra }, or forgotten $.
<argument> ...ALCULATOR_BACKSPACE} is dispatched.}
                                                  
l.12 ...KSPACE} is dispatched.}{42}{lstlisting.12}
                                                  
I've deleted a group-closing symbol because it seems to be
spurious, as in `$x}$'. But perhaps the } is legitimate and
you forgot something else, as in `\hbox{$x}'. In such cases
the way to recover is to insert both the forgotten and the
deleted material, e.g., by typing `I$}'.

! Extra }, or forgotten $.
\@dottedtocline ...\nobreak \hskip -\leftskip {#4}
                                                  \nobreak \leaders \hbox {$...
l.12 ...KSPACE} is dispatched.}{42}{lstlisting.12}
                                                  
I've deleted a group-closing symbol because it seems to be
spurious, as in `$x}$'. But perhaps the } is legitimate and
you forgot something else, as in `\hbox{$x}'. In such cases
the way to recover is to insert both the forgotten and the
deleted material, e.g., by typing `I$}'.

! Missing $ inserted.
<inserted text> 
                $
l.12 ...KSPACE} is dispatched.}{42}{lstlisting.12}
                                                  
I've inserted a begin-math/end-math symbol since I think
you left one out. Proceed, with fingers crossed.

! Missing $ inserted.
<inserted text> 
                $
l.13 ...R_TEXT} is dispatched.}{42}{lstlisting.13}
                                                  
I've inserted a begin-math/end-math symbol since I think
you left one out. Proceed, with fingers crossed.

! Extra }, or forgotten $.
<recently read> \egroup 
                        
l.13 ...R_TEXT} is dispatched.}{42}{lstlisting.13}
                                                  
I've deleted a group-closing symbol because it seems to be
spurious, as in `$x}$'. But perhaps the } is legitimate and
you forgot something else, as in `\hbox{$x}'. In such cases
the way to recover is to insert both the forgotten and the
deleted material, e.g., by typing `I$}'.

! Extra }, or forgotten $.
<argument> ...LCULATOR_CLEAR_TEXT} is dispatched.}
                                                  
l.13 ...R_TEXT} is dispatched.}{42}{lstlisting.13}
                                                  
I've deleted a group-closing symbol because it seems to be
spurious, as in `$x}$'. But perhaps the } is legitimate and
you forgot something else, as in `\hbox{$x}'. In such cases
the way to recover is to insert both the forgotten and the
deleted material, e.g., by typing `I$}'.

! Extra }, or forgotten $.
\@dottedtocline ...\nobreak \hskip -\leftskip {#4}
                                                  \nobreak \leaders \hbox {$...
l.13 ...R_TEXT} is dispatched.}{42}{lstlisting.13}
                                                  
I've deleted a group-closing symbol because it seems to be
spurious, as in `$x}$'. But perhaps the } is legitimate and
you forgot something else, as in `\hbox{$x}'. In such cases
the way to recover is to insert both the forgotten and the
deleted material, e.g., by typing `I$}'.

! Missing $ inserted.
<inserted text> 
                $
l.13 ...R_TEXT} is dispatched.}{42}{lstlisting.13}
                                                  
I've inserted a begin-math/end-math symbol since I think
you left one out. Proceed, with fingers crossed.


Overfull \hbox (169.39784pt too wide) in paragraph at lines 13--13
 [][] []\T1/lmr/m/n/12 Clear the \T1/lmtt/m/n/12 state.calculator.displayText \
T1/lmr/m/n/12 when ac-tion of type \T1/lmtt/m/n/12 CALCULATOR$[]\OML/lmm/m/it/1
2 LEAR[]EXTisdispatched: [][]$  
 []

[14]
! Missing $ inserted.
<inserted text> 
                $
l.28 ...UATION} is dispatched.}{50}{lstlisting.28}
                                                  
I've inserted a begin-math/end-math symbol since I think
you left one out. Proceed, with fingers crossed.

! Extra }, or forgotten $.
<recently read> \egroup 
                        
l.28 ...UATION} is dispatched.}{50}{lstlisting.28}
                                                  
I've deleted a group-closing symbol because it seems to be
spurious, as in `$x}$'. But perhaps the } is legitimate and
you forgot something else, as in `\hbox{$x}'. In such cases
the way to recover is to insert both the forgotten and the
deleted material, e.g., by typing `I$}'.

! Extra }, or forgotten $.
<argument> ...NCTION_SET_EQUATION} is dispatched.}
                                                  
l.28 ...UATION} is dispatched.}{50}{lstlisting.28}
                                                  
I've deleted a group-closing symbol because it seems to be
spurious, as in `$x}$'. But perhaps the } is legitimate and
you forgot something else, as in `\hbox{$x}'. In such cases
the way to recover is to insert both the forgotten and the
deleted material, e.g., by typing `I$}'.

! Extra }, or forgotten $.
\@dottedtocline ...\nobreak \hskip -\leftskip {#4}
                                                  \nobreak \leaders \hbox {$...
l.28 ...UATION} is dispatched.}{50}{lstlisting.28}
                                                  
I've deleted a group-closing symbol because it seems to be
spurious, as in `$x}$'. But perhaps the } is legitimate and
you forgot something else, as in `\hbox{$x}'. In such cases
the way to recover is to insert both the forgotten and the
deleted material, e.g., by typing `I$}'.

! Missing $ inserted.
<inserted text> 
                $
l.28 ...UATION} is dispatched.}{50}{lstlisting.28}
                                                  
I've inserted a begin-math/end-math symbol since I think
you left one out. Proceed, with fingers crossed.


Overfull \hbox (174.43646pt too wide) in paragraph at lines 28--28
 \T1/lmr/m/n/12 new one from ac-tion pay-load when ac-tion of type \T1/lmtt/m/n
/12 PARAMETRIC$[]\OML/lmm/m/it/12 UNCTION[]ET[]QUATIONisdispatched: [][]$  
 []

)
\tf@lol=\write7
\openout7 = `tukethesis.lol'.


! Missing } inserted.
<inserted text> 
                }
l.344 \lstlistoflistings
                        
I've inserted something that you may have forgotten.
(See the <inserted text> above.)
With luck, this will get me unwedged. But if you
really didn't forget anything, try typing `2' now; then
my insertion and my current dilemma will both disappear.

! Missing } inserted.
<inserted text> 
                }
l.344 \lstlistoflistings
                        
I've inserted something that you may have forgotten.
(See the <inserted text> above.)
With luck, this will get me unwedged. But if you
really didn't forget anything, try typing `2' now; then
my insertion and my current dilemma will both disappear.

! Missing } inserted.
<inserted text> 
                }
l.344 \lstlistoflistings
                        
I've inserted something that you may have forgotten.
(See the <inserted text> above.)
With luck, this will get me unwedged. But if you
really didn't forget anything, try typing `2' now; then
my insertion and my current dilemma will both disappear.

! Missing } inserted.
<inserted text> 
                }
l.344 \lstlistoflistings
                        
I've inserted something that you may have forgotten.
(See the <inserted text> above.)
With luck, this will get me unwedged. But if you
really didn't forget anything, try typing `2' now; then
my insertion and my current dilemma will both disappear.

! Missing } inserted.
<inserted text> 
                }
l.344 \lstlistoflistings
                        
I've inserted something that you may have forgotten.
(See the <inserted text> above.)
With luck, this will get me unwedged. But if you
really didn't forget anything, try typing `2' now; then
my insertion and my current dilemma will both disappear.

! Missing } inserted.
<inserted text> 
                }
l.344 \lstlistoflistings
                        
I've inserted something that you may have forgotten.
(See the <inserted text> above.)
With luck, this will get me unwedged. But if you
really didn't forget anything, try typing `2' now; then
my insertion and my current dilemma will both disappear.

! Missing } inserted.
<inserted text> 
                }
l.344 \lstlistoflistings
                        
I've inserted something that you may have forgotten.
(See the <inserted text> above.)
With luck, this will get me unwedged. But if you
really didn't forget anything, try typing `2' now; then
my insertion and my current dilemma will both disappear.

! Missing } inserted.
<inserted text> 
                }
l.344 \lstlistoflistings
                        
I've inserted something that you may have forgotten.
(See the <inserted text> above.)
With luck, this will get me unwedged. But if you
really didn't forget anything, try typing `2' now; then
my insertion and my current dilemma will both disappear.

! Missing } inserted.
<inserted text> 
                }
l.344 \lstlistoflistings
                        
I've inserted something that you may have forgotten.
(See the <inserted text> above.)
With luck, this will get me unwedged. But if you
really didn't forget anything, try typing `2' now; then
my insertion and my current dilemma will both disappear.

! Missing } inserted.
<inserted text> 
                }
l.344 \lstlistoflistings
                        
I've inserted something that you may have forgotten.
(See the <inserted text> above.)
With luck, this will get me unwedged. But if you
really didn't forget anything, try typing `2' now; then
my insertion and my current dilemma will both disappear.

! Missing } inserted.
<inserted text> 
                }
l.344 \lstlistoflistings
                        
I've inserted something that you may have forgotten.
(See the <inserted text> above.)
With luck, this will get me unwedged. But if you
really didn't forget anything, try typing `2' now; then
my insertion and my current dilemma will both disappear.

! Missing } inserted.
<inserted text> 
                }
l.344 \lstlistoflistings
                        
I've inserted something that you may have forgotten.
(See the <inserted text> above.)
With luck, this will get me unwedged. But if you
really didn't forget anything, try typing `2' now; then
my insertion and my current dilemma will both disappear.


! LaTeX Error: Something's wrong--perhaps a missing \item.

See the LaTeX manual or LaTeX Companion for explanation.
Type  H <return>  for immediate help.
 ...                                              
                                                  
l.368 \end{description}
                       
Try typing  <return>  to proceed.
If that doesn't work, type  X <return>  to quit.

[15]
\openout2 = `introduction.aux'.

 (./introduction.tex)pdfTeX warning (ext4): destination with the same identifie
r (name{page.1}) has been already used, duplicate ignored
<to be read again> 
                   \relax 
l.374 \include{introduction}
                             [1

]
\openout2 = `problemexpression.aux'.

 (./problemexpression.tex
LaTeX Font Info:    Try loading font information for OMS+lmr on input line 7.

(/usr/local/texlive/2016/texmf-dist/tex/latex/lm/omslmr.fd
File: omslmr.fd 2009/10/30 v1.6 Font defs for Latin Modern
)
LaTeX Font Info:    Font shape `OMS/lmr/m/n' in size <12> not available
(Font)              Font shape `OMS/lmsy/m/n' tried instead on input line 7.
pdfTeX warning (ext4): destination with the same identifier (name{page.2}) has 
been already used, duplicate ignored
<to be read again> 
                   \relax 
l.11 \item{
           After selecting the development tools we need to prepare the deve...
[2


])pdfTeX warning (ext4): destination with the same identifier (name{page.3}) ha
s been already used, duplicate ignored
<to be read again> 
                   \relax 
l.376 \include{problemexpression}
                                  [3]
\openout2 = `theoreticalanalysis.aux'.

 (./theoreticalanalysis.tex)pdfTeX warning (ext4): destination with the same id
entifier (name{page.4}) has been already used, duplicate ignored
<to be read again> 
                   \relax 
l.378 \include{theoreticalanalysis}
                                    [4


]
\openout2 = `currentstate.aux'.

 (./currentstate.texpdfTeX warning (ext4): destination with the same identifier
 (name{page.5}) has been already used, duplicate ignored
<to be read again> 
                   \relax 
l.14 \section
             {Technologies and tools for development} [5


]
! Misplaced alignment tab character &.
l.16 ...he if statement, the while loop, and the &
                                                  & operator. The similarity...
I can't figure out why you would want to use a tab mark
here. If you just want an ampersand, the remedy is
simple: Just type `I\&' now. But if some right brace
up above has ended a previous alignment prematurely,
you're probably due for more error messages, and you
might try typing `S' now just to see what is salvageable.

! Misplaced alignment tab character &.
l.16 ...e if statement, the while loop, and the &&
                                                   operator. The similarity ...
I can't figure out why you would want to use a tab mark
here. If you just want an ampersand, the remedy is
simple: Just type `I\&' now. But if some right brace
up above has ended a previous alignment prematurely,
you're probably due for more error messages, and you
might try typing `S' now just to see what is salvageable.

! Undefined control sequence.
l.16 ...ent from inheritance in C++ and Java.\city
                                                  {flanagan}
The control sequence at the end of the top line
of your error message was never \def'ed. If you have
misspelled it (e.g., `\hobx'), type `I' and the correct
spelling (e.g., `I\hbox'). Otherwise just continue,
and I'll forget about whatever was undefined.

! Undefined control sequence.
l.18 ... be used on server-side with Node.js.\city
                                                  {flanagan}
The control sequence at the end of the top line
of your error message was never \def'ed. If you have
misspelled it (e.g., `\hobx'), type `I' and the correct
spelling (e.g., `I\hbox'). Otherwise just continue,
and I'll forget about whatever was undefined.

pdfTeX warning (ext4): destination with the same identifier (name{page.6}) has 
been already used, duplicate ignored
<to be read again> 
                   \relax 
l.21 
      [6]pdfTeX warning (ext4): destination with the same identifier (name{page
.7}) has been already used, duplicate ignored
<to be read again> 
                   \relax 
l.30 
      [7]

! Package Listings Error: Couldn't load requested style.

See the Listings package documentation for explanation.
Type  H <return>  for immediate help.
 ...                                              
                                                  
l.39 ...style=\tiny,style=myCustomJavaScriptStyle}
                                                  
The following styles weren't loadable:
    ,mycustomjavascriptstyle$
This may cause errors in the sequel.


! Package Listings Error: style mycustomjavascriptstyle undefined.

See the Listings package documentation for explanation.
Type  H <return>  for immediate help.
 ...                                              
                                                  
l.39 ...style=\tiny,style=myCustomJavaScriptStyle}
                                                  
The style is not loadable. Try typing  <return>  to proceed.
If that doesn't work, type  X <return>  to quit.

LaTeX Font Info:    External font `lmex10' loaded for size
(Font)              <5> on input line 46.
pdfTeX warning (ext4): destination with the same identifier (name{page.8}) has 
been already used, duplicate ignored
<to be read again> 
                   \relax 
l.56 
      [8]pdfTeX warning (ext4): destination with the same identifier (name{page
.9}) has been already used, duplicate ignored
<to be read again> 
                   \relax 
l.74 
      [9]pdfTeX warning (ext4): destination with the same identifier (name{page
.10}) has been already used, duplicate ignored
<to be read again> 
                   \relax 
l.107 T
       hese components are curated and collected into the A-Frame Registry. ...
[10] <figures/aframe-inspector.png, id=677, 627.34375pt x 327.2225pt>
File: figures/aframe-inspector.png Graphic file (type png)

<use figures/aframe-inspector.png>
Package pdftex.def Info: figures/aframe-inspector.png used on input line 114.
(pdftex.def)             Requested size: 384.10959pt x 200.35938pt.
pdfTeX warning (ext4): destination with the same identifier (name{page.11}) has
 been already used, duplicate ignored
<to be read again> 
                   \relax 
l.121 
       [11]pdfTeX warning (ext4): destination with the same identifier (name{pa
ge.12}) has been already used, duplicate ignored
<to be read again> 
                   \relax 
l.131 \item{
            Operating system: Windows 7 SP1, Windows 8.1 or later, Windo...
[12 <./figures/aframe-inspector.png>]pdfTeX warning (ext4): destination with th
e same identifier (name{page.13}) has been already used, duplicate ignored
<to be read again> 
                   \relax 
l.142 
       [13]pdfTeX warning (ext4): destination with the same identifier (name{pa
ge.14}) has been already used, duplicate ignored
<to be read again> 
                   \relax 
l.151 
       [14]
<figures/flux-simple-f8-diagram.png, id=707, 1304.875pt x 287.0725pt>
File: figures/flux-simple-f8-diagram.png Graphic file (type png)

<use figures/flux-simple-f8-diagram.png>
Package pdftex.def Info: figures/flux-simple-f8-diagram.png used on input line 
154.
(pdftex.def)             Requested size: 426.79134pt x 93.89317pt.

<figures/flux-simple-f8-diagram-explained.png, id=708, 1304.875pt x 710.655pt>
File: figures/flux-simple-f8-diagram-explained.png Graphic file (type png)

<use figures/flux-simple-f8-diagram-explained.png>
Package pdftex.def Info: figures/flux-simple-f8-diagram-explained.png used on i
nput line 165.
(pdftex.def)             Requested size: 426.79134pt x 232.43488pt.
pdfTeX warning (ext4): destination with the same identifier (name{page.15}) has
 been already used, duplicate ignored
<to be read again> 
                   \relax 
l.173 
       [15 <./figures/flux-simple-f8-diagram.png (PNG copy)>] [16 <./figures/fl
ux-simple-f8-diagram-explained.png (PNG copy)>] [17] [18]
<figures/webpack.pdf, id=738, 1021.8175pt x 439.6425pt>
File: figures/webpack.pdf Graphic file (type pdf)

<use figures/webpack.pdf>
Package pdftex.def Info: figures/webpack.pdf used on input line 216.
(pdftex.def)             Requested size: 384.10959pt x 165.26132pt.
) [19 <./figures/webpack.pdf>]
\openout2 = `design.aux'.

 (./design.tex) [20


]
\openout2 = `implementation.aux'.


(./implementation.tex
(/usr/local/texlive/2016/texmf-dist/tex/latex/listings/lstlang1.sty
File: lstlang1.sty 2015/06/04 1.6 listings language file
)
(/usr/local/texlive/2016/texmf-dist/tex/latex/listings/lstmisc.sty
File: lstmisc.sty 2015/06/04 1.6 (Carsten Heinz)
) [21


]

! Package inputenc Error: Unicode char \expandafter (U+4F1)
(inputenc)                not set up for use with LaTeX.

See the inputenc package documentation for explanation.
Type  H <return>  for immediate help.
 ...                                              
                                                  
l.77   "author": "Michal Tak"
                                 ,
Your command was ignored.
Type  I <command> <return>  to replace it with another command,
or  <return>  to continue without it.


! Package inputenc Error: Keyboard character used is undefined
(inputenc)                in inputencoding `utf8'.

See the inputenc package documentation for explanation.
Type  H <return>  for immediate help.
 ...                                              
                                                  
l.77   "author": "Michal Tak"
                                 ,
You need to provide a definition with \DeclareInputText 
or \DeclareInputMath before using this key.


! Package inputenc Error: Unicode char \expandafter (U+4F2)
(inputenc)                not set up for use with LaTeX.

See the inputenc package documentation for explanation.
Type  H <return>  for immediate help.
 ...                                              
                                                  
l.77   "author": "Michal Tak"
                                 ,
Your command was ignored.
Type  I <command> <return>  to replace it with another command,
or  <return>  to continue without it.


! Package inputenc Error: Keyboard character used is undefined
(inputenc)                in inputencoding `utf8'.

See the inputenc package documentation for explanation.
Type  H <return>  for immediate help.
 ...                                              
                                                  
l.77   "author": "Michal Tak"
                                 ,
You need to provide a definition with \DeclareInputText 
or \DeclareInputMath before using this key.

<figures/npm-aframe.png, id=773, 584.1825pt x 498.86375pt>
File: figures/npm-aframe.png Graphic file (type png)

<use figures/npm-aframe.png>
Package pdftex.def Info: figures/npm-aframe.png used on input line 91.
(pdftex.def)             Requested size: 384.10959pt x 328.01794pt.
 [22] [23 <./figures/npm-aframe.png>] [24]
<figures/folder-structure.png, id=834, 263.98625pt x 584.1825pt>
File: figures/folder-structure.png Graphic file (type png)

<use figures/folder-structure.png>
Package pdftex.def Info: figures/folder-structure.png used on input line 146.
(pdftex.def)             Requested size: 128.0387pt x 283.33708pt.
 [25 <./figures/folder-structure.png>]
LaTeX Font Info:    Font shape `T1/lmtt/bx/n' in size <10> not available
(Font)              Font shape `T1/lmtt/b/n' tried instead on input line 159.

<figures/npm-start.png, id=840, 828.09375pt x 320.19624pt>
File: figures/npm-start.png Graphic file (type png)

<use figures/npm-start.png>
Package pdftex.def Info: figures/npm-start.png used on input line 180.
(pdftex.def)             Requested size: 256.0774pt x 99.0155pt.
 [26] [27 <./figures/npm-start.png>] [28] [29]
Overfull \hbox (90.19833pt too wide) in paragraph at lines 303--304
[]\T1/lmr/m/n/12 It's called a re-ducer be-cause it's the type of func-tion you
 would pass to Ar-ray.prototype.reduce(reducer,
 []

[30] [31] [32]
Overfull \hbox (12.00056pt too wide) in paragraph at lines 432--433
[]\T1/lmr/m/n/12 Handles un-reg-is-ter-ing of lis-ten-ers via the func-tion re-
turned by sub-scribe(listener). 
 []

[33] [34]
! Missing $ inserted.
<inserted text> 
                $
l.494 ...lopment and production according to NODE_
                                                  ENV variable used for dist...
I've inserted a begin-math/end-math symbol since I think
you left one out. Proceed, with fingers crossed.

! Missing $ inserted.
<inserted text> 
                $
l.495 
      
I've inserted a begin-math/end-math symbol since I think
you left one out. Proceed, with fingers crossed.


Overfull \hbox (352.45137pt too wide) in paragraph at lines 494--495
\T1/lmr/m/n/12 tional switch-ing be-tween Store for de-vel-op-ment and pro-duc-
tion ac-cord-ing to NODE$[]\OML/lmm/m/it/12 NVvariableusedfordistinguishingbetw
eendifferentenvironments \OT1/lmr/m/n/12 :$ 
 []

[35] [36] [37]
Overfull \hbox (7.19598pt too wide) in paragraph at lines 590--591
\T1/lmr/m/n/12 with \T1/lmtt/m/n/12 geometry.radius \T1/lmr/m/n/12 of 12 me-ter
s and \T1/lmtt/m/n/12 floor.jpg \T1/lmr/m/n/12 tex-ture is added to \T1/lmtt/m/
n/12 material.src
 []


Overfull \hbox (4.15054pt too wide) in paragraph at lines 590--591
\T1/lmr/m/n/12 degrees around the X-axis. To ac-cept light from Lights com-po-n
ent, \T1/lmtt/m/n/12 material.shader
 []

[38]
Overfull \hbox (31.59154pt too wide) in paragraph at lines 612--613
\T1/lmtt/m/n/12 intensity \T1/lmr/m/n/12 prop-erty. \T1/lmtt/m/n/12 Lights \T1/
lmr/m/n/12 com-po-nent is de-fined in \T1/lmtt/m/n/12 src/components/Lights/ind
ex.js\T1/lmr/m/n/12 . 
 []

pdfTeX warning (ext4): destination with the same identifier (name{lstnumber.-28
.10}) has been already used, duplicate ignored
<to be read again> 
                   \relax 
l.624     </E
             ntity> [39] [40]
Overfull \hbox (15.85414pt too wide) in paragraph at lines 668--669
\T1/lmr/m/n/12 Calculator com-po-nent's ini-tial state is de-fined in \T1/lmtt/
m/n/12 src/reducers/calculator/index.js
 []


Overfull \hbox (65.23174pt too wide) in paragraph at lines 677--678
\T1/lmr/m/n/12 Reducer func-tion for \T1/lmtt/m/n/12 Calculator \T1/lmr/m/n/12 
com-po-nent is de-fined in \T1/lmtt/m/n/12 src/reducers/calculator/index.js\T1/
lmr/m/n/12 .
 []

[41]
! Missing $ inserted.
<inserted text> 
                $
l.689 \end{lstlisting}
                      
I've inserted a begin-math/end-math symbol since I think
you left one out. Proceed, with fingers crossed.

LaTeX Font Info:    External font `lmex10' loaded for size
(Font)              <10> on input line 689.
LaTeX Font Info:    External font `lmex10' loaded for size
(Font)              <7> on input line 689.
! Extra }, or forgotten $.
<recently read> \egroup 
                        
l.689 \end{lstlisting}
                      
I've deleted a group-closing symbol because it seems to be
spurious, as in `$x}$'. But perhaps the } is legitimate and
you forgot something else, as in `\hbox{$x}'. In such cases
the way to recover is to insert both the forgotten and the
deleted material, e.g., by typing `I$}'.

! Missing $ inserted.
<inserted text> 
                $
l.689 \end{lstlisting}
                      
I've inserted a begin-math/end-math symbol since I think
you left one out. Proceed, with fingers crossed.

! Missing } inserted.
<inserted text> 
                }
l.689 \end{lstlisting}
                      
I've inserted something that you may have forgotten.
(See the <inserted text> above.)
With luck, this will get me unwedged. But if you
really didn't forget anything, try typing `2' now; then
my insertion and my current dilemma will both disappear.

! Missing $ inserted.
<inserted text> 
                $
l.689 \end{lstlisting}
                      
I've inserted a begin-math/end-math symbol since I think
you left one out. Proceed, with fingers crossed.

! Extra }, or forgotten $.
<recently read> \egroup 
                        
l.689 \end{lstlisting}
                      
I've deleted a group-closing symbol because it seems to be
spurious, as in `$x}$'. But perhaps the } is legitimate and
you forgot something else, as in `\hbox{$x}'. In such cases
the way to recover is to insert both the forgotten and the
deleted material, e.g., by typing `I$}'.

! Missing $ inserted.
<inserted text> 
                $
l.689 \end{lstlisting}
                      
I've inserted a begin-math/end-math symbol since I think
you left one out. Proceed, with fingers crossed.

! Missing } inserted.
<inserted text> 
                }
l.689 \end{lstlisting}
                      
I've inserted something that you may have forgotten.
(See the <inserted text> above.)
With luck, this will get me unwedged. But if you
really didn't forget anything, try typing `2' now; then
my insertion and my current dilemma will both disappear.

! Missing $ inserted.
<inserted text> 
                $
l.701 \end{lstlisting}
                      
I've inserted a begin-math/end-math symbol since I think
you left one out. Proceed, with fingers crossed.

! Extra }, or forgotten $.
<recently read> \egroup 
                        
l.701 \end{lstlisting}
                      
I've deleted a group-closing symbol because it seems to be
spurious, as in `$x}$'. But perhaps the } is legitimate and
you forgot something else, as in `\hbox{$x}'. In such cases
the way to recover is to insert both the forgotten and the
deleted material, e.g., by typing `I$}'.

! Missing $ inserted.
<inserted text> 
                $
l.701 \end{lstlisting}
                      
I've inserted a begin-math/end-math symbol since I think
you left one out. Proceed, with fingers crossed.

! Missing } inserted.
<inserted text> 
                }
l.701 \end{lstlisting}
                      
I've inserted something that you may have forgotten.
(See the <inserted text> above.)
With luck, this will get me unwedged. But if you
really didn't forget anything, try typing `2' now; then
my insertion and my current dilemma will both disappear.

! Missing $ inserted.
<inserted text> 
                $
l.701 \end{lstlisting}
                      
I've inserted a begin-math/end-math symbol since I think
you left one out. Proceed, with fingers crossed.

! Extra }, or forgotten $.
<recently read> \egroup 
                        
l.701 \end{lstlisting}
                      
I've deleted a group-closing symbol because it seems to be
spurious, as in `$x}$'. But perhaps the } is legitimate and
you forgot something else, as in `\hbox{$x}'. In such cases
the way to recover is to insert both the forgotten and the
deleted material, e.g., by typing `I$}'.

! Missing $ inserted.
<inserted text> 
                $
l.701 \end{lstlisting}
                      
I've inserted a begin-math/end-math symbol since I think
you left one out. Proceed, with fingers crossed.

! Missing } inserted.
<inserted text> 
                }
l.701 \end{lstlisting}
                      
I've inserted something that you may have forgotten.
(See the <inserted text> above.)
With luck, this will get me unwedged. But if you
really didn't forget anything, try typing `2' now; then
my insertion and my current dilemma will both disappear.

! Missing $ inserted.
<inserted text> 
                $
l.713 \end{lstlisting}
                      
I've inserted a begin-math/end-math symbol since I think
you left one out. Proceed, with fingers crossed.

! Extra }, or forgotten $.
<recently read> \egroup 
                        
l.713 \end{lstlisting}
                      
I've deleted a group-closing symbol because it seems to be
spurious, as in `$x}$'. But perhaps the } is legitimate and
you forgot something else, as in `\hbox{$x}'. In such cases
the way to recover is to insert both the forgotten and the
deleted material, e.g., by typing `I$}'.

! Missing $ inserted.
<inserted text> 
                $
l.713 \end{lstlisting}
                      
I've inserted a begin-math/end-math symbol since I think
you left one out. Proceed, with fingers crossed.

! Missing } inserted.
<inserted text> 
                }
l.713 \end{lstlisting}
                      
I've inserted something that you may have forgotten.
(See the <inserted text> above.)
With luck, this will get me unwedged. But if you
really didn't forget anything, try typing `2' now; then
my insertion and my current dilemma will both disappear.

! Missing $ inserted.
<inserted text> 
                $
l.713 \end{lstlisting}
                      
I've inserted a begin-math/end-math symbol since I think
you left one out. Proceed, with fingers crossed.

! Extra }, or forgotten $.
<recently read> \egroup 
                        
l.713 \end{lstlisting}
                      
I've deleted a group-closing symbol because it seems to be
spurious, as in `$x}$'. But perhaps the } is legitimate and
you forgot something else, as in `\hbox{$x}'. In such cases
the way to recover is to insert both the forgotten and the
deleted material, e.g., by typing `I$}'.

! Missing $ inserted.
<inserted text> 
                $
l.713 \end{lstlisting}
                      
I've inserted a begin-math/end-math symbol since I think
you left one out. Proceed, with fingers crossed.

[42]
! Missing } inserted.
<inserted text> 
                }
l.713 \end{lstlisting}
                      
I've inserted something that you may have forgotten.
(See the <inserted text> above.)
With luck, this will get me unwedged. But if you
really didn't forget anything, try typing `2' now; then
my insertion and my current dilemma will both disappear.

[43]pdfTeX warning (ext4): destination with the same identifier (name{lstnumber
.-28.12}) has been already used, duplicate ignored
<to be read again> 
                   \relax 
l.756     </E
             ntity> [44] [45]
<figures/calculator.png, id=1336, 612.78937pt x 502.87875pt>
File: figures/calculator.png Graphic file (type png)

<use figures/calculator.png>
Package pdftex.def Info: figures/calculator.png used on input line 830.
(pdftex.def)             Requested size: 256.0774pt x 210.14871pt.
 [46] [47 <./figures/calculator.png>] [48]
! Missing $ inserted.
<inserted text> 
                $
l.906 ...bout type of \texttt{PARAMETRIC_FUNCTION}
                                                   action being dispatched a...
I've inserted a begin-math/end-math symbol since I think
you left one out. Proceed, with fingers crossed.

! Extra }, or forgotten $.
<recently read> \egroup 
                        
l.906 ...bout type of \texttt{PARAMETRIC_FUNCTION}
                                                   action being dispatched a...
I've deleted a group-closing symbol because it seems to be
spurious, as in `$x}$'. But perhaps the } is legitimate and
you forgot something else, as in `\hbox{$x}'. In such cases
the way to recover is to insert both the forgotten and the
deleted material, e.g., by typing `I$}'.

! Missing $ inserted.
<inserted text> 
                $
l.907 
      
I've inserted a begin-math/end-math symbol since I think
you left one out. Proceed, with fingers crossed.


Overfull \hbox (448.16707pt too wide) in paragraph at lines 906--907
\T1/lmr/m/n/12 for-ma-tion about type of \T1/lmtt/m/n/12 PARAMETRIC$[]\OML/lmm/
m/it/12 UNCTIONactionbeingdispatchedand; ifneeded; alsothedatawewanttosendtoRed
uxstore:Theyaredefinedin[]$ 
 []


Overfull \hbox (196.88397pt too wide) in paragraph at lines 916--917
\T1/lmtt/m/n/12 ParametricFunction component's initial state is defined in src/
reducers/parametrizedFunction/index.js
 []

! Missing $ inserted.
<inserted text> 
                $
l.925 ...according to \texttt{PARAMETRIC_FUNCTION}
                                                   actions. Possible \texttt...
I've inserted a begin-math/end-math symbol since I think
you left one out. Proceed, with fingers crossed.

! Extra }, or forgotten $.
<recently read> \egroup 
                        
l.925 ...according to \texttt{PARAMETRIC_FUNCTION}
                                                   actions. Possible \texttt...
I've deleted a group-closing symbol because it seems to be
spurious, as in `$x}$'. But perhaps the } is legitimate and
you forgot something else, as in `\hbox{$x}'. In such cases
the way to recover is to insert both the forgotten and the
deleted material, e.g., by typing `I$}'.

! Missing $ inserted.
<inserted text> 
                $
l.926 
      
I've inserted a begin-math/end-math symbol since I think
you left one out. Proceed, with fingers crossed.


Overfull \hbox (221.58398pt too wide) in paragraph at lines 925--926
\T1/lmtt/m/n/12 Reducer function for ParametricFunction component is defined in
 src/reducers/parametricFunction/index.js.
 []


Overfull \hbox (23.98389pt too wide) in paragraph at lines 925--926
\T1/lmtt/m/n/12 From this file it's exported as a default function that takes s
tate (with
 []


Overfull \hbox (17.80888pt too wide) in paragraph at lines 925--926
\T1/lmtt/m/n/12 initialState as a default value) and action as its arguments an
d returns
 []


Overfull \hbox (444.30673pt too wide) in paragraph at lines 925--926
\T1/lmtt/m/n/12 new state according to PARAMETRIC$[]\OML/lmm/m/it/12 UNCTIONact
ions:Possible[]areconditionallycheckedwithJavaScript[]s[]statementforabettercod
ereadability:$ 
 []

[49]
! Missing $ inserted.
<inserted text> 
                $
l.937 \end{lstlisting}
                      
I've inserted a begin-math/end-math symbol since I think
you left one out. Proceed, with fingers crossed.

! Extra }, or forgotten $.
<recently read> \egroup 
                        
l.937 \end{lstlisting}
                      
I've deleted a group-closing symbol because it seems to be
spurious, as in `$x}$'. But perhaps the } is legitimate and
you forgot something else, as in `\hbox{$x}'. In such cases
the way to recover is to insert both the forgotten and the
deleted material, e.g., by typing `I$}'.

! Missing $ inserted.
<inserted text> 
                $
l.937 \end{lstlisting}
                      
I've inserted a begin-math/end-math symbol since I think
you left one out. Proceed, with fingers crossed.

! Missing } inserted.
<inserted text> 
                }
l.937 \end{lstlisting}
                      
I've inserted something that you may have forgotten.
(See the <inserted text> above.)
With luck, this will get me unwedged. But if you
really didn't forget anything, try typing `2' now; then
my insertion and my current dilemma will both disappear.

! Missing $ inserted.
<inserted text> 
                $
l.937 \end{lstlisting}
                      
I've inserted a begin-math/end-math symbol since I think
you left one out. Proceed, with fingers crossed.

! Extra }, or forgotten $.
<recently read> \egroup 
                        
l.937 \end{lstlisting}
                      
I've deleted a group-closing symbol because it seems to be
spurious, as in `$x}$'. But perhaps the } is legitimate and
you forgot something else, as in `\hbox{$x}'. In such cases
the way to recover is to insert both the forgotten and the
deleted material, e.g., by typing `I$}'.

! Missing $ inserted.
<inserted text> 
                $
l.937 \end{lstlisting}
                      
I've inserted a begin-math/end-math symbol since I think
you left one out. Proceed, with fingers crossed.

! Missing } inserted.
<inserted text> 
                }
l.937 \end{lstlisting}
                      
I've inserted something that you may have forgotten.
(See the <inserted text> above.)
With luck, this will get me unwedged. But if you
really didn't forget anything, try typing `2' now; then
my insertion and my current dilemma will both disappear.


Overfull \hbox (54.8589pt too wide) in paragraph at lines 940--941
\T1/lmtt/m/n/12 State and actions that ParametricFunction component needs to fu
nction properly
 []


Overfull \hbox (11.63388pt too wide) in paragraph at lines 940--941
\T1/lmtt/m/n/12 are mapped to properties in ParametricFunction container - high
er-order
 []


Overfull \hbox (11.63388pt too wide) in paragraph at lines 940--941
\T1/lmtt/m/n/12 component. Code for ParametricFunction higher-order component c
reation
 []

[50]
Overfull \hbox (17.80888pt too wide) in paragraph at lines 964--965
\T1/lmtt/m/n/12 Presentational ParametricFunction component is implementing the
 geometry
 []


Overfull \hbox (48.6839pt too wide) in paragraph at lines 964--965
\T1/lmtt/m/n/12 and material from A-Frame API. It's shape is determined by geom
etry.primitive
 []


Overfull \hbox (5.45187pt too wide) in paragraph at lines 964--965
\T1/lmtt/m/n/12 which is set to 'box' with width of 0.88 meters, height of 0.65
 meters
 []


Overfull \hbox (54.8589pt too wide) in paragraph at lines 964--965
\T1/lmtt/m/n/12 and depth of 0.01 meters. By default it's not moveable to ensur
e its position
 []


Overfull \hbox (42.5089pt too wide) in paragraph at lines 964--965
\T1/lmtt/m/n/12 central to the MathworldVR experience. Properties passed into t
he component
 []


Overfull \hbox (5.45888pt too wide) in paragraph at lines 964--965
\T1/lmtt/m/n/12 as function attributes includes state and dispatchable action t
hat was
 []


Overfull \hbox (221.58398pt too wide) in paragraph at lines 964--965
\T1/lmtt/m/n/12 mapped in it's higher-order component. Calculator code is defin
ed in src/components/Calculator/index.js.
 []


Overfull \hbox (5.45888pt too wide) in paragraph at lines 964--965
\T1/lmtt/m/n/12 Code preview displayed here doesn't include the CalcButton comp
onents,
 []


Overfull \hbox (36.3339pt too wide) in paragraph at lines 964--965
\T1/lmtt/m/n/12 but they're utilizing the writeText, backspace and clearText ac
tions. They
 []

[51]pdfTeX warning (ext4): destination with the same identifier (name{lstnumber
.-29.17}) has been already used, duplicate ignored
<to be read again> 
                   \relax 
l.983     />
            
Overfull \hbox (48.6839pt too wide) in paragraph at lines 990--991
\T1/lmtt/m/n/12 We will register the datgui A-Frame component first. Inside the
 init method,
 []


Overfull \hbox (23.98389pt too wide) in paragraph at lines 990--991
\T1/lmtt/m/n/12 we're creating the dat.guiVR instance and injecting it into the
 component
 []


Overfull \hbox (17.80888pt too wide) in paragraph at lines 998--999
[]\T1/lmtt/m/n/12 To allow VR hand controllers interactions, we'll create bindI
nput method
 []


Overfull \hbox (23.98389pt too wide) in paragraph at lines 998--999
\T1/lmtt/m/n/12 that will create event listeners for triggerdown, triggerup, gr
ipdown and
 []

[52]
Overfull \hbox (17.80888pt too wide) in paragraph at lines 1017--1018
[]\T1/lmtt/m/n/12 Datgui component doesn't know about the VR hand controllers y
et, thus we
 []

<figures/function_settings.png, id=1493, 554.07pt x 554.07pt>
File: figures/function_settings.png Graphic file (type png)

<use figures/function_settings.png>
Package pdftex.def Info: figures/function_settings.png used on input line 1040.

(pdftex.def)             Requested size: 256.0774pt x 256.07582pt.
 [53] [54 <./figures/function_settings.png>] [55] <figures/grab.png, id=1582, 7
14.41907pt x 709.90219pt>
File: figures/grab.png Graphic file (type png)

<use figures/grab.png>
Package pdftex.def Info: figures/grab.png used on input line 1126.
(pdftex.def)             Requested size: 256.0774pt x 254.4597pt.

<figures/scaling.png, id=1583, 1034.36438pt x 700.86844pt>
File: figures/scaling.png Graphic file (type png)

<use figures/scaling.png>
Package pdftex.def Info: figures/scaling.png used on input line 1135.
(pdftex.def)             Requested size: 256.0774pt x 173.51627pt.
 [56 <./figures/grab.png>]) [57 <./figures/scaling.png>]
\openout2 = `conclusion.aux'.

 (./conclusion.tex)
Overfull \hbox (30.15889pt too wide) in paragraph at lines 3--386
\T1/lmtt/m/n/12 Tto as zverenej prce je povinn. Autor uvedie zhodnotenie
 rieenia.
 []


Overfull \hbox (48.6839pt too wide) in paragraph at lines 3--386
\T1/lmtt/m/n/12 Uvedie vhody, nevhody rieenia, pouitie vsledkov, alie mo
nosti a pod.,
 []


Overfull \hbox (30.15889pt too wide) in paragraph at lines 3--386
\T1/lmtt/m/n/12 prpadne nartne in spsob rieenia loh, resp. uvedie, preo 
postupoval
 []

[58


]
\openout2 = `bibliography.aux'.

 (./bibliography.tex
Underfull \hbox (badness 10000) in paragraph at lines 6--7
[]\T1/lmtt/m/n/12 BECK, K. 2003. \T1/lmtt/m/it/12 Test-driven Development: By E
xample. \T1/lmtt/m/n/12 USA:
 []


Underfull \hbox (badness 10000) in paragraph at lines 9--10
[]\T1/lmtt/m/n/12 BADRUL, K. 2011. \T1/lmtt/m/it/12 User Interface Design for V
irtual Environments:
 []


Underfull \hbox (badness 10000) in paragraph at lines 9--10
\T1/lmtt/m/it/12 Challenges and Advances. \T1/lmtt/m/n/12 USA: IGI Global, 2011
. 375 s. ISBN
 []


Underfull \hbox (badness 10000) in paragraph at lines 12--13
[]\T1/lmtt/m/n/12 FLANAGAN, D. 2006. \T1/lmtt/m/it/12 JavaScript: The Definitiv
e Guide (5th edition).
 []


Underfull \hbox (badness 10000) in paragraph at lines 15--16
[]\T1/lmtt/m/n/12 NARAYAN, P. 2015. \T1/lmtt/m/it/12 Learning ECMAScript 6. \T1
/lmtt/m/n/12 USA: Packt Publishing,
 []


Underfull \hbox (badness 10000) in paragraph at lines 18--19
[]\T1/lmtt/m/n/12 LOEFFLER, C. 1995. \T1/lmtt/m/it/12 Distributed Virtual Reali
ty: Applications for
 []


Underfull \hbox (badness 10000) in paragraph at lines 18--19
\T1/lmtt/m/it/12 Education, Entertainment and Industry. []$\T1/lmtt/m/n/12 http
 : / / www . wiumlie . no / 1993 /
 []


Underfull \hbox (badness 10000) in paragraph at lines 21--22
[]\T1/lmtt/m/n/12 KAUFMANN, H. 2011. \T1/lmtt/m/it/12 Virtual Environments for 
Mathematics and Geometry
 []


Underfull \hbox (badness 10000) in paragraph at lines 21--22
\T1/lmtt/m/it/12 Education. \T1/lmtt/m/n/12 In: Themes In Science and Technolog
y Education.
 []


Underfull \hbox (badness 10000) in paragraph at lines 21--22
\T1/lmtt/m/n/12 Vienna : Klidarithmos Computer Books, 2011, Special Issue, pp.
 []


Underfull \hbox (badness 10000) in paragraph at lines 27--28
[]\T1/lmtt/m/it/12 A-Frame Introduction [online]. Available on internet: []$\T1
/lmtt/m/n/12 https :
 []


Underfull \hbox (badness 10000) in paragraph at lines 30--31
[]\T1/lmtt/m/n/12 GACKENHEIMER, C. 2015. \T1/lmtt/m/it/12 Introduction to React
. \T1/lmtt/m/n/12 USA: Apress, 2015
 []


Underfull \hbox (badness 10000) in paragraph at lines 33--34
[]\T1/lmtt/m/n/12 FACEBOOK, Inc. 2015. \T1/lmtt/m/it/12 Flux - In Depth Overvie
w [online]. Available on
 []


Underfull \hbox (badness 10000) in paragraph at lines 33--34
\T1/lmtt/m/it/12 internet: []$\T1/lmtt/m/n/12 https : / / facebook . github . i
o / flux / docs / in-[]depth-[]overview .
 []

[59


]
Underfull \hbox (badness 10000) in paragraph at lines 36--37
[]\T1/lmtt/m/it/12 Redux [online]. Available on internet: []$\T1/lmtt/m/n/12 ht
tps : / / aframe . io / docs / 0 . 5 .
 []

) [60]
\openout2 = `appendices.aux'.

 (./appendices.tex) [61


]
\openout2 = `appendixa.aux'.

 (./appendixa.tex
Overfull \hbox (11.63388pt too wide) in paragraph at lines 7--16
\T1/lmtt/m/n/12 Tto as zverenej prce je povinn a obsahuje zoznam vetkc
h prloh
 []


Overfull \hbox (17.80888pt too wide) in paragraph at lines 7--16
\T1/lmtt/m/n/12 vrtane elektronickch nosiov. Nzvy prloh v zozname musia by
 zhodn
 []


Overfull \hbox (5.45888pt too wide) in paragraph at lines 7--16
\T1/lmtt/m/n/12 s nzvami uvedenmi na prslunch prlohch. Tlaen prlohy m
aj na
 []


Overfull \hbox (11.63388pt too wide) in paragraph at lines 7--16
\T1/lmtt/m/n/12 prvej strane identifikan daje -- informcie zhodn s titulno
u stranou
 []


Overfull \hbox (30.15889pt too wide) in paragraph at lines 7--16
\T1/lmtt/m/n/12 zverenej prce doplnen o nzov prslunej prlohy. Identifik
an daje
 []


Overfull \hbox (42.5089pt too wide) in paragraph at lines 7--16
\T1/lmtt/m/n/12 s aj na priloench diskoch alebo disketch. Ak je mdi viac,
 s oznaen
 []


Overfull \hbox (1.03223pt too wide) in paragraph at lines 7--16
\T1/lmtt/m/n/12 aj selne v tvare $\OML/lmm/m/it/12 I=N$\T1/lmtt/m/n/12 , kde 
$\OML/lmm/m/it/12 I$ \T1/lmtt/m/n/12 je poradov slo a $\OML/lmm/m/it/12 N$ \
T1/lmtt/m/n/12 je celkov poet
 []


Overfull \hbox (15.70674pt too wide) in paragraph at lines 17--19
[]\T1/lmtt/m/n/12 CD mdium -- zveren prca v elektronickej podobe, prlohy
 []

)
Overfull \hbox (17.80888pt too wide) in paragraph at lines 22--392
\T1/lmtt/m/n/12 Prlohov as je samostatnou asou kvalifikanej prce. Kad
 prloha
 []


Overfull \hbox (5.45888pt too wide) in paragraph at lines 22--392
\T1/lmtt/m/n/12 zana na novej strane a je oznaen samostatnm psmenom (Appe
ndix A,
 []


Overfull \hbox (17.80888pt too wide) in paragraph at lines 22--392
\T1/lmtt/m/n/12 Appendix B, ...). slovanie strn prloh nadvzuje na slovan
ie strn
 []


Overfull \hbox (11.63388pt too wide) in paragraph at lines 22--392
\T1/lmtt/m/n/12 v hlavnom texte. Pri kadej prlohe sa m uvies prame, z ktor
ho sme
 []

[62


]
\openout2 = `appendixb.aux'.

 (./appendixb.tex
Overfull \hbox (17.80888pt too wide) in paragraph at lines 7--16
\T1/lmtt/m/n/12 Tto as zverenej prce je povinn. V zozname pouitej liter
atry sa
 []


Overfull \hbox (61.0129pt too wide) in paragraph at lines 7--16
\T1/lmtt/m/n/12 uvdzaj odkazy poda normy STN ISO 690--2 (01 0197) (Informci
e a dokumentcia.
 []


Overfull \hbox (23.98389pt too wide) in paragraph at lines 7--16
\T1/lmtt/m/n/12 Bibliografick citcie. as 2: Elektronick dokumenty alebo ic
h asti,
 []


Overfull \hbox (36.3339pt too wide) in paragraph at lines 7--16
\T1/lmtt/m/n/12 dtum vydania 1. 12. 2001, ICS: 01.140.20). Odkazy sa mu tka
 kninch,
 []


Overfull \hbox (36.3339pt too wide) in paragraph at lines 7--16
\T1/lmtt/m/n/12 asopiseckch a inch zdrojov informci (zbornky z konferenci
, patentov
 []


Overfull \hbox (17.80888pt too wide) in paragraph at lines 7--16
\T1/lmtt/m/n/12 dokumenty, normy, odporania, kvalifikan prce, osobn kore
pondencia
 []


Overfull \hbox (11.63388pt too wide) in paragraph at lines 7--16
\T1/lmtt/m/n/12 a rukopisy, odkazy cez sprostredkujci zdroj, elektronick publ
ikcie),
 []


Overfull \hbox (23.98389pt too wide) in paragraph at lines 17--21
[]\T1/lmtt/m/n/12 Forma citci sa zabezpeuje niektorou z metd, opsanch v n
orme STN ISO
 []


Overfull \hbox (104.23091pt too wide) in paragraph at lines 17--21
\T1/lmtt/m/n/12 690, 1998, s. 21. Podrobnejie informcie njdete na strnke ht
tp://www.tuke.sk/anta/
 []

LaTeX Font Info:    Try loading font information for OMS+lmtt on input line 25.

LaTeX Font Info:    No file OMSlmtt.fd. on input line 25.

LaTeX Font Warning: Font shape `OMS/lmtt/m/n' undefined
(Font)              using `OMS/cmsy/m/n' instead
(Font)              for symbol `textbullet' on input line 25.


Package natbib Warning: Citation `kat' on page 63 undefined on input line 31.


Package natbib Warning: Citation `gonda' on page 63 undefined on input line 31.



Overfull \hbox (5.11674pt too wide) in paragraph at lines 29--34
[]\T1/lmtt/m/it/12 Preferovanou metdou citovania \T1/lmtt/m/n/12 v texte vysok
okolskej a kvalifikanej
 []


Overfull \hbox (30.55888pt too wide) in paragraph at lines 29--34
\T1/lmtt/m/n/12 prce je poda normy ISO 7144 citovanie poda mena a dtumu (\T
1/lmr/bx/n/12 ??\T1/lmtt/m/n/12 ). V tomto
 []


Overfull \hbox (23.98389pt too wide) in paragraph at lines 29--34
\T1/lmtt/m/n/12 prpade sa zoznam pouitej literatry uprav tak, e za meno sa
 prid rok
 []


Overfull \hbox (23.98389pt too wide) in paragraph at lines 29--34
\T1/lmtt/m/n/12 vydania. Na uahenie vyhadvania citci sa zoznam vytvra v 
abecednom
 []


Package natbib Warning: Citation `steinerova' on page 63 undefined on input lin
e 38.


Overfull \hbox (24.18388pt too wide) in paragraph at lines 37--40
[]\T1/lmtt/m/n/12 Prklad: ...poda (\T1/lmr/bx/n/12 ?\T1/lmtt/m/n/12 ) je tto
 metda dostatone rozpracovan na to, aby
 []


Overfull \hbox (17.80888pt too wide) in paragraph at lines 43--46
[]\T1/lmtt/m/n/12 Druh spsob uvedenia odkazu na pouit literatru je uvedeni
e len sla
 []


Overfull \hbox (30.15889pt too wide) in paragraph at lines 43--46
\T1/lmtt/m/n/12 tohto zdroja v hranatch ztvorkch bez mena autora (autorov) n
ajastejie
 []

[63


]
Overfull \hbox (23.98389pt too wide) in paragraph at lines 49--52
[]\T1/lmtt/m/n/12 Prklad: ...poda [13] je tto metda dostatone rozpracovan
 na to, aby
 []


Overfull \hbox (42.5089pt too wide) in paragraph at lines 55--60
[]\T1/lmtt/m/n/12 Citcie s spojen s bibliografickm odkazom poradovm slom
 v tvare indexu
 []


Overfull \hbox (23.98389pt too wide) in paragraph at lines 55--60
\T1/lmtt/m/n/12 alebo sla v hranatch ztvorkch. Odkazy v zozname na konci p
rce bud
 []


Overfull \hbox (11.63388pt too wide) in paragraph at lines 55--60
\T1/lmtt/m/n/12 usporiadan poda tchto poradovch sel. Viacero citci toho
 istho
 []


Overfull \hbox (17.80888pt too wide) in paragraph at lines 55--60
\T1/lmtt/m/n/12 diela bude ma rovnak slo. Odpora sa usporiada jednotliv
 poloky
 []


Overfull \hbox (5.45888pt too wide) in paragraph at lines 62--65
\T1/lmtt/m/n/12 Rzne spsoby odkazov je mon dosiahnu zmenou voby v balku 
[]natbib: 
 []


Overfull \hbox (36.3339pt too wide) in paragraph at lines 77--80
\T1/lmtt/m/n/12 Ke zapneme vobu []numbers, prepneme sa do reimu citovania po
da odkazovho
 []


Overfull \hbox (42.5089pt too wide) in paragraph at lines 89--91
[]\T1/lmtt/m/n/12 V odkaze na knin publikciu (pozri prklad zoznamov na konc
i tejto asti): 
 []

[64]
Overfull \hbox (10.13356pt too wide) in paragraph at lines 92--94
[]\T1/lmtt/m/n/12 Uvdzame jedno, dve alebo tri prv men oddelen pomlkou, os
tatn
 []


Overfull \hbox (28.65857pt too wide) in paragraph at lines 94--96
[]\T1/lmtt/m/n/12 Podnzov sa me zapsa vtedy, ak to uah identifikciu do
kumentu.
 []


Overfull \hbox (10.13356pt too wide) in paragraph at lines 96--99
[]\T1/lmtt/m/n/12 Dlh nzov sa me skrti v prpade, ak sa tm nestrat pods
tatn
 []


Overfull \hbox (16.30856pt too wide) in paragraph at lines 96--99
\T1/lmtt/m/n/12 informcia. Nikdy sa neskracuje zaiatok nzvu. Vetky vynechv
ky
 []


Overfull \hbox (36.3339pt too wide) in paragraph at lines 101--103
[]\T1/lmtt/m/n/12 Pri vyuvan informci z elektronickch dokumentov treba do
driava tieto
 []


Overfull \hbox (3.95856pt too wide) in paragraph at lines 104--106
[]\T1/lmtt/m/n/12 uprednostujeme autorizovan sbory soldnych sluieb a syst
mov, 
 []


Overfull \hbox (22.48357pt too wide) in paragraph at lines 106--108
[]\T1/lmtt/m/n/12 zaznamenme dostatok informci o sbore tak, aby ho bolo op
 mon
 []


Overfull \hbox (16.30856pt too wide) in paragraph at lines 108--110
[]\T1/lmtt/m/n/12 urobme si kpiu pouitho pramea v elektronickej alebo papi
erovej
 []


Overfull \hbox (53.35858pt too wide) in paragraph at lines 110--112
[]\T1/lmtt/m/n/12 za verifikovatenos informci zodpoved autor, ktor sa na 
ne odvolva. 
 []


Overfull \hbox (36.3339pt too wide) in paragraph at lines 114--116
[]\T1/lmtt/m/n/12 Pre zpis elektronickch dokumentov platia tie ist pravidl,
 ako pre zpis
 []

)
Overfull \hbox (23.98389pt too wide) in paragraph at lines 122--394
[]\T1/lmtt/m/n/12 Poradie prvkov odkazu je nasledovn: Autor. Nzov. In Nzov p
rimrneho
 []


Overfull \hbox (30.15889pt too wide) in paragraph at lines 122--394
\T1/lmtt/m/n/12 zdroja: Podnzov. [Druh nosia]. Editor. Vydanie alebo verzia. 
Miesto
 []


Overfull \hbox (67.20891pt too wide) in paragraph at lines 122--394
\T1/lmtt/m/n/12 vydania : Vydavate, dtum vydania. [Dtum citovania]. Poznmky
. Dostupnos.
 []

[65] [66]

Package natbib Warning: There were undefined citations.

Package atveryend Info: Empty hook `BeforeClearDocument' on input line 404.
Package atveryend Info: Empty hook `AfterLastShipout' on input line 404.
(./tukethesis.aux (./introduction.aux) (./problemexpression.aux)
(./theoreticalanalysis.aux) (./currentstate.aux) (./design.aux)
(./implementation.aux) (./conclusion.aux) (./bibliography.aux)
(./appendices.aux) (./appendixa.aux) (./appendixb.aux))
Package atveryend Info: Executing hook `AtVeryEndDocument' on input line 404.
Package atveryend Info: Executing hook `AtEndAfterFileList' on input line 404.
Package rerunfilecheck Info: File `tukethesis.out' has not changed.
(rerunfilecheck)             Checksum: 016123CB5A9FB5413C601A54F618A00B;15026.


LaTeX Font Warning: Some font shapes were not available, defaults substituted.

Package atveryend Info: Empty hook `AtVeryVeryEnd' on input line 404.
 )
(\end occurred inside a group at level 3)

### simple group (level 3) entered at line 925 ({)
### simple group (level 2) entered at line 906 ({)
### simple group (level 1) entered at line 296 ({)
### bottom level 
Here is how much of TeX's memory you used:
 14872 strings out of 493015
 201926 string characters out of 6133376
 366494 words of memory out of 5000000
 17220 multiletter control sequences out of 15000+600000
 90448 words of font info for 74 fonts, out of 8000000 for 9000
 1141 hyphenation exceptions out of 8191
 37i,9n,60p,981b,2629s stack positions out of 5000i,500n,10000p,200000b,80000s
{/usr/local/texlive/2016/texmf-dist/fonts/enc/dvips/lm/lm-ec.en
c}{/usr/local/texlive/2016/texmf-dist/fonts/enc/dvips/lm/lm-mathsy.enc}{/usr/lo
cal/texlive/2016/texmf-dist/fonts/enc/dvips/lm/lm-mathit.enc}{/usr/local/texliv
e/2016/texmf-dist/fonts/enc/dvips/lm/lm-rm.enc}</usr/local/texlive/2016/texmf-d
ist/fonts/type1/public/amsfonts/cm/cmsy10.pfb></usr/local/texlive/2016/texmf-di
st/fonts/type1/public/lm/lmbx10.pfb></usr/local/texlive/2016/texmf-dist/fonts/t
ype1/public/lm/lmbx12.pfb></usr/local/texlive/2016/texmf-dist/fonts/type1/publi
c/lm/lmmi10.pfb></usr/local/texlive/2016/texmf-dist/fonts/type1/public/lm/lmmi1
2.pfb></usr/local/texlive/2016/texmf-dist/fonts/type1/public/lm/lmmi7.pfb></usr
/local/texlive/2016/texmf-dist/fonts/type1/public/lm/lmmi8.pfb></usr/local/texl
ive/2016/texmf-dist/fonts/type1/public/lm/lmr10.pfb></usr/local/texlive/2016/te
xmf-dist/fonts/type1/public/lm/lmr12.pfb></usr/local/texlive/2016/texmf-dist/fo
nts/type1/public/lm/lmr6.pfb></usr/local/texlive/2016/texmf-dist/fonts/type1/pu
blic/lm/lmr8.pfb></usr/local/texlive/2016/texmf-dist/fonts/type1/public/lm/lmri
10.pfb></usr/local/texlive/2016/texmf-dist/fonts/type1/public/lm/lmro10.pfb></u
sr/local/texlive/2016/texmf-dist/fonts/type1/public/lm/lmro12.pfb></usr/local/t
exlive/2016/texmf-dist/fonts/type1/public/lm/lmss10.pfb></usr/local/texlive/201
6/texmf-dist/fonts/type1/public/lm/lmsy10.pfb></usr/local/texlive/2016/texmf-di
st/fonts/type1/public/lm/lmsy6.pfb></usr/local/texlive/2016/texmf-dist/fonts/ty
pe1/public/lm/lmsy8.pfb></usr/local/texlive/2016/texmf-dist/fonts/type1/public/
lm/lmtk10.pfb></usr/local/texlive/2016/texmf-dist/fonts/type1/public/lm/lmtt10.
pfb></usr/local/texlive/2016/texmf-dist/fonts/type1/public/lm/lmtt12.pfb></usr/
local/texlive/2016/texmf-dist/fonts/type1/public/lm/lmtti10.pfb>
Output written on tukethesis.pdf (81 pages, 4083084 bytes).
PDF statistics:
 1925 PDF objects out of 2073 (max. 8388607)
 1775 compressed objects within 18 object streams
 903 named destinations out of 1000 (max. 500000)
 696 words of extra memory for PDF output out of 10000 (max. 10000000)

