\BOOKMARK [1][]{section*.6}{\376\377\000\040\000I\000n\000t\000r\000o\000d\000u\000c\000t\000i\000o\000n}{}% 1
\BOOKMARK [1][]{section.1}{\376\377\0001\000\040\000P\000r\000o\000b\000l\000e\000m\000\040\000e\000x\000p\000r\000e\000s\000s\000i\000o\000n}{}% 2
\BOOKMARK [2][]{subsection.1.1}{\376\377\0001\000.\0001\000\040\000M\000e\000t\000h\000o\000d\000o\000l\000o\000g\000y\000\040\000o\000f\000\040\000t\000h\000e\000\040\000t\000h\000e\000s\000i\000s\000s}{section.1}% 3
\BOOKMARK [1][]{section.2}{\376\377\0002\000\040\000T\000h\000e\000o\000r\000e\000t\000i\000c\000a\000l\000\040\000a\000n\000a\000l\000y\000s\000i\000s}{}% 4
\BOOKMARK [1][]{section.3}{\376\377\0003\000\040\000A\000n\000a\000l\000y\000s\000i\000s\000\040\000o\000f\000\040\000c\000u\000r\000r\000e\000n\000t\000\040\000s\000t\000a\000t\000e}{}% 5
\BOOKMARK [2][]{subsection.3.1}{\376\377\0003\000.\0001\000\040\000B\000u\000i\000l\000d\000i\000n\000g\000\040\000v\000i\000r\000t\000u\000a\000l\000\040\000r\000e\000a\000l\000i\000t\000y\000\040\000a\000p\000p\000l\000i\000c\000a\000t\000i\000o\000n\000s\000\040\000a\000n\000d\000\040\000e\000x\000p\000e\000r\000i\000e\000n\000c\000e\000s}{section.3}% 6
\BOOKMARK [2][]{subsection.3.2}{\376\377\0003\000.\0002\000\040\000V\000i\000r\000t\000u\000a\000l\000\040\000r\000e\000a\000l\000i\000t\000y\000\040\000o\000n\000\040\000t\000h\000e\000\040\000w\000e\000b}{section.3}% 7
\BOOKMARK [1][]{section.4}{\376\377\0004\000\040\000T\000e\000c\000h\000n\000o\000l\000o\000g\000i\000e\000s\000\040\000a\000n\000d\000\040\000t\000o\000o\000l\000s\000\040\000f\000o\000r\000\040\000d\000e\000v\000e\000l\000o\000p\000m\000e\000n\000t}{}% 8
\BOOKMARK [2][]{subsection.4.1}{\376\377\0004\000.\0001\000\040\000J\000a\000v\000a\000S\000c\000r\000i\000p\000t}{section.4}% 9
\BOOKMARK [2][]{subsection.4.2}{\376\377\0004\000.\0002\000\040\000N\000P\000M}{section.4}% 10
\BOOKMARK [2][]{subsection.4.3}{\376\377\0004\000.\0003\000\040\000T\000h\000r\000e\000e\000.\000j\000s}{section.4}% 11
\BOOKMARK [2][]{subsection.4.4}{\376\377\0004\000.\0004\000\040\000A\000-\000F\000r\000a\000m\000e}{section.4}% 12
\BOOKMARK [3][]{subsubsection.4.4.1}{\376\377\0004\000.\0004\000.\0001\000\040\000J\000a\000v\000a\000S\000c\000r\000i\000p\000t\000\040\000a\000n\000d\000\040\000A\000f\000r\000a\000m\000e}{subsection.4.4}% 13
\BOOKMARK [3][]{subsubsection.4.4.2}{\376\377\0004\000.\0004\000.\0002\000\040\000E\000n\000t\000i\000t\000y\000-\000C\000o\000m\000p\000o\000n\000e\000n\000t\000\040\000S\000y\000s\000t\000e\000m}{subsection.4.4}% 14
\BOOKMARK [3][]{subsubsection.4.4.3}{\376\377\0004\000.\0004\000.\0003\000\040\000C\000o\000m\000p\000o\000n\000e\000n\000t\000\040\000E\000c\000o\000s\000y\000s\000t\000e\000m}{subsection.4.4}% 15
\BOOKMARK [3][]{subsubsection.4.4.4}{\376\377\0004\000.\0004\000.\0004\000\040\000A\000-\000F\000r\000a\000m\000e\000\040\000I\000n\000s\000p\000e\000c\000t\000o\000r}{subsection.4.4}% 16
\BOOKMARK [3][]{subsubsection.4.4.5}{\376\377\0004\000.\0004\000.\0005\000\040\000D\000e\000v\000i\000c\000e\000\040\000a\000n\000d\000\040\000P\000l\000a\000t\000f\000o\000r\000m\000\040\000S\000u\000p\000p\000o\000r\000t}{subsection.4.4}% 17
\BOOKMARK [3][]{subsubsection.4.4.6}{\376\377\0004\000.\0004\000.\0006\000\040\000H\000a\000r\000d\000w\000a\000r\000e\000\040\000s\000p\000e\000c\000i\000f\000i\000c\000a\000t\000i\000o\000n}{subsection.4.4}% 18
\BOOKMARK [2][]{subsection.4.5}{\376\377\0004\000.\0005\000\040\000M\000a\000t\000h\000.\000j\000s}{section.4}% 19
\BOOKMARK [2][]{subsection.4.6}{\376\377\0004\000.\0006\000\040\000R\000e\000a\000c\000t}{section.4}% 20
\BOOKMARK [2][]{subsection.4.7}{\376\377\0004\000.\0007\000\040\000F\000l\000u\000x}{section.4}% 21
\BOOKMARK [3][]{subsubsection.4.7.1}{\376\377\0004\000.\0007\000.\0001\000\040\000S\000t\000r\000u\000c\000t\000u\000r\000e\000\040\000a\000n\000d\000\040\000D\000a\000t\000a\000\040\000F\000l\000o\000w\000\040\000i\000n\000\040\000F\000l\000u\000x\000\040\000a\000r\000c\000h\000i\000t\000e\000c\000t\000u\000r\000e}{subsection.4.7}% 22
\BOOKMARK [2][]{subsection.4.8}{\376\377\0004\000.\0008\000\040\000R\000e\000d\000u\000x}{section.4}% 23
\BOOKMARK [3][]{subsubsection.4.8.1}{\376\377\0004\000.\0008\000.\0001\000\040\000T\000h\000r\000e\000e\000\040\000P\000r\000i\000n\000c\000i\000p\000l\000e\000s\000\040\000o\000f\000\040\000R\000e\000d\000u\000x}{subsection.4.8}% 24
\BOOKMARK [2][]{subsection.4.9}{\376\377\0004\000.\0009\000\040\000W\000e\000b\000p\000a\000c\000k}{section.4}% 25
\BOOKMARK [1][]{section.5}{\376\377\0005\000\040\000C\000o\000n\000c\000e\000p\000t\000u\000a\000l\000i\000s\000a\000t\000i\000o\000n\000\040\000a\000n\000d\000\040\000d\000e\000s\000i\000g\000n}{}% 26
\BOOKMARK [2][]{subsection.5.1}{\376\377\0005\000.\0001\000\040\000I\000n\000p\000u\000t\000s\000\040\000a\000n\000d\000\040\000o\000b\000j\000e\000c\000t\000i\000o\000n\000s}{section.5}% 27
\BOOKMARK [2][]{subsection.5.2}{\376\377\0005\000.\0002\000\040\000F\000u\000n\000c\000t\000i\000o\000n\000a\000l\000i\000t\000y\000\040\000p\000l\000a\000n\000n\000i\000n\000g}{section.5}% 28
\BOOKMARK [2][]{subsection.5.3}{\376\377\0005\000.\0003\000\040\000V\000i\000r\000t\000u\000a\000l\000\040\000u\000s\000e\000r\000\040\000i\000n\000t\000e\000r\000f\000a\000c\000e}{section.5}% 29
\BOOKMARK [1][]{section.6}{\376\377\0006\000\040\000I\000m\000p\000l\000e\000m\000e\000n\000t\000a\000t\000i\000o\000n\000\040\000o\000f\000\040\000v\000i\000r\000t\000u\000a\000l\000\040\000r\000e\000a\000l\000i\000t\000y\000\040\000a\000p\000p\000l\000i\000c\000a\000t\000i\000o\000n}{}% 30
\BOOKMARK [2][]{subsection.6.1}{\376\377\0006\000.\0001\000\040\000V\000i\000r\000t\000u\000a\000l\000\040\000c\000a\000l\000c\000u\000l\000a\000t\000o\000r\000\040\000e\000n\000t\000i\000t\000y}{section.6}% 31
\BOOKMARK [3][]{subsubsection.6.1.1}{\376\377\0006\000.\0001\000.\0001\000\040\000P\000a\000r\000s\000i\000n\000g\000\040\000e\000q\000u\000a\000t\000i\000o\000n\000s\000\040\000w\000i\000t\000h\000\040\000M\000a\000t\000h\000.\000j\000s}{subsection.6.1}% 32
\BOOKMARK [2][]{subsection.6.2}{\376\377\0006\000.\0002\000\040\000P\000a\000r\000a\000m\000e\000t\000r\000i\000z\000e\000d\000\040\000f\000u\000n\000c\000t\000i\000o\000n\000\040\000g\000r\000i\000d\000\040\000e\000n\000t\000i\000t\000y}{section.6}% 33
\BOOKMARK [2][]{subsection.6.3}{\376\377\0006\000.\0003\000\040\000I\000n\000t\000e\000r\000a\000c\000t\000i\000v\000e\000\040\000f\000u\000n\000c\000t\000i\000o\000n\000\040\000s\000e\000t\000t\000i\000n\000g\000s\000\040\000p\000a\000n\000e\000l\000\040\000e\000n\000t\000i\000t\000y}{section.6}% 34
\BOOKMARK [2][]{subsection.6.4}{\376\377\0006\000.\0004\000\040\000I\000n\000t\000e\000r\000a\000c\000t\000i\000o\000n\000s}{section.6}% 35
\BOOKMARK [3][]{subsubsection.6.4.1}{\376\377\0006\000.\0004\000.\0001\000\040\000G\000r\000a\000b\000b\000i\000n\000g}{subsection.6.4}% 36
\BOOKMARK [3][]{subsubsection.6.4.2}{\376\377\0006\000.\0004\000.\0002\000\040\000S\000c\000a\000l\000i\000n\000g}{subsection.6.4}% 37
\BOOKMARK [2][]{subsection.6.5}{\376\377\0006\000.\0005\000\040\000B\000u\000i\000l\000d\000i\000n\000g\000\040\000a\000n\000d\000\040\000d\000e\000p\000l\000o\000y\000i\000n\000g\000\040\000t\000h\000e\000\040\000a\000p\000p\000l\000i\000c\000a\000t\000i\000o\000n\000\040\000t\000o\000\040\000w\000e\000b\000\040\000h\000o\000s\000t\000i\000n\000g}{section.6}% 38
\BOOKMARK [1][]{section.7}{\376\377\0007\000\040\000C\000o\000n\000c\000l\000u\000s\000i\000o\000n}{}% 39
\BOOKMARK [1][]{section*.7}{\376\377\000\040\000B\000i\000b\000l\000i\000o\000g\000r\000a\000p\000h\000y}{}% 40
